2025-02-02 15:11:06 startup packages remove
2025-02-02 15:11:06 status installed torsocks:amd64 2.4.0-1
2025-02-02 15:11:06 remove torsocks:amd64 2.4.0-1 <none>
2025-02-02 15:11:06 status half-configured torsocks:amd64 2.4.0-1
2025-02-02 15:11:06 status half-installed torsocks:amd64 2.4.0-1
2025-02-02 15:11:06 status triggers-pending man-db:amd64 2.11.2-2
2025-02-02 15:11:06 status config-files torsocks:amd64 2.4.0-1
2025-02-02 15:11:06 startup packages configure
2025-02-02 15:11:06 trigproc man-db:amd64 2.11.2-2 <none>
2025-02-02 15:11:06 status half-configured man-db:amd64 2.11.2-2
2025-02-02 15:11:10 status installed man-db:amd64 2.11.2-2
2025-02-02 15:11:54 startup packages remove
2025-02-02 15:11:54 status installed onionshare:all 2.6.2-1~0.tails1
2025-02-02 15:11:54 remove onionshare:all 2.6.2-1~0.tails1 <none>
2025-02-02 15:11:54 status half-configured onionshare:all 2.6.2-1~0.tails1
2025-02-02 15:11:54 status half-installed onionshare:all 2.6.2-1~0.tails1
2025-02-02 15:11:54 status triggers-pending man-db:amd64 2.11.2-2
2025-02-02 15:11:54 status triggers-pending hicolor-icon-theme:all 0.17-2
2025-02-02 15:11:54 status triggers-pending gnome-menus:amd64 3.36.0-1.1
2025-02-02 15:11:54 status triggers-pending desktop-file-utils:amd64 0.26-1
2025-02-02 15:11:54 status triggers-pending mailcap:all 3.70+nmu1
2025-02-02 15:11:54 status config-files onionshare:all 2.6.2-1~0.tails1
2025-02-02 15:11:54 status not-installed onionshare:all <none>
2025-02-02 15:11:54 status installed onionshare-cli:all 2.6.2-1~0.tails1
2025-02-02 15:11:54 remove onionshare-cli:all 2.6.2-1~0.tails1 <none>
2025-02-02 15:11:54 status half-configured onionshare-cli:all 2.6.2-1~0.tails1
2025-02-02 15:11:54 status half-installed onionshare-cli:all 2.6.2-1~0.tails1
2025-02-02 15:11:54 status config-files onionshare-cli:all 2.6.2-1~0.tails1
2025-02-02 15:11:54 status not-installed onionshare-cli:all <none>
2025-02-02 15:11:54 status installed tor-geoipdb:all 0.4.8.13-1~d12.bookworm+1
2025-02-02 15:11:54 remove tor-geoipdb:all 0.4.8.13-1~d12.bookworm+1 <none>
2025-02-02 15:11:54 status half-configured tor-geoipdb:all 0.4.8.13-1~d12.bookworm+1
2025-02-02 15:11:54 status half-installed tor-geoipdb:all 0.4.8.13-1~d12.bookworm+1
2025-02-02 15:11:54 status config-files tor-geoipdb:all 0.4.8.13-1~d12.bookworm+1
2025-02-02 15:11:54 status not-installed tor-geoipdb:all <none>
2025-02-02 15:11:54 status installed tor:amd64 0.4.8.13-1~d12.bookworm+1
2025-02-02 15:11:54 remove tor:amd64 0.4.8.13-1~d12.bookworm+1 <none>
2025-02-02 15:11:54 status half-configured tor:amd64 0.4.8.13-1~d12.bookworm+1
2025-02-02 15:11:54 status half-installed tor:amd64 0.4.8.13-1~d12.bookworm+1
2025-02-02 15:11:54 status config-files tor:amd64 0.4.8.13-1~d12.bookworm+1
2025-02-02 15:11:54 startup packages configure
2025-02-02 15:11:54 trigproc hicolor-icon-theme:all 0.17-2 <none>
2025-02-02 15:11:54 status half-configured hicolor-icon-theme:all 0.17-2
2025-02-02 15:11:55 status installed hicolor-icon-theme:all 0.17-2
2025-02-02 15:11:55 trigproc gnome-menus:amd64 3.36.0-1.1 <none>
2025-02-02 15:11:55 status half-configured gnome-menus:amd64 3.36.0-1.1
2025-02-02 15:11:55 status installed gnome-menus:amd64 3.36.0-1.1
2025-02-02 15:11:55 trigproc man-db:amd64 2.11.2-2 <none>
2025-02-02 15:11:55 status half-configured man-db:amd64 2.11.2-2
2025-02-02 15:11:55 status installed man-db:amd64 2.11.2-2
2025-02-02 15:11:55 trigproc mailcap:all 3.70+nmu1 <none>
2025-02-02 15:11:55 status half-configured mailcap:all 3.70+nmu1
2025-02-02 15:11:56 status installed mailcap:all 3.70+nmu1
2025-02-02 15:11:56 trigproc desktop-file-utils:amd64 0.26-1 <none>
2025-02-02 15:11:56 status half-configured desktop-file-utils:amd64 0.26-1
2025-02-02 15:11:56 status installed desktop-file-utils:amd64 0.26-1
2025-02-02 15:12:03 startup archives unpack
2025-02-02 15:12:03 install tor:amd64 0.4.8.13-1~d12.bookworm+1 0.4.8.13-1~d12.bookworm+1
2025-02-02 15:12:03 status half-installed tor:amd64 0.4.8.13-1~d12.bookworm+1
2025-02-02 15:12:03 status triggers-pending man-db:amd64 2.11.2-2
2025-02-02 15:12:03 status unpacked tor:amd64 0.4.8.13-1~d12.bookworm+1
2025-02-02 15:12:03 startup packages configure
2025-02-02 15:12:03 configure tor:amd64 0.4.8.13-1~d12.bookworm+1 <none>
2025-02-02 15:12:03 status unpacked tor:amd64 0.4.8.13-1~d12.bookworm+1
2025-02-02 15:12:03 status half-configured tor:amd64 0.4.8.13-1~d12.bookworm+1
2025-02-02 15:12:05 status installed tor:amd64 0.4.8.13-1~d12.bookworm+1
2025-02-02 15:12:05 trigproc man-db:amd64 2.11.2-2 <none>
2025-02-02 15:12:05 status half-configured man-db:amd64 2.11.2-2
2025-02-02 15:12:06 status installed man-db:amd64 2.11.2-2
2025-02-02 15:13:03 startup packages remove
2025-02-02 15:13:03 status installed firmware-b43-installer:all 1:019-8
2025-02-02 15:13:03 remove firmware-b43-installer:all 1:019-8 <none>
2025-02-02 15:13:03 status half-configured firmware-b43-installer:all 1:019-8
2025-02-02 15:13:03 status half-installed firmware-b43-installer:all 1:019-8
2025-02-02 15:13:03 status config-files firmware-b43-installer:all 1:019-8
2025-02-02 15:13:03 status not-installed firmware-b43-installer:all <none>
2025-02-02 15:13:03 status installed firmware-b43legacy-installer:all 1:019-8
2025-02-02 15:13:03 remove firmware-b43legacy-installer:all 1:019-8 <none>
2025-02-02 15:13:03 status half-configured firmware-b43legacy-installer:all 1:019-8
2025-02-02 15:13:03 status half-installed firmware-b43legacy-installer:all 1:019-8
2025-02-02 15:13:03 status config-files firmware-b43legacy-installer:all 1:019-8
2025-02-02 15:13:03 status not-installed firmware-b43legacy-installer:all <none>
2025-02-02 15:13:03 status installed hplip:amd64 3.22.10+dfsg0-2
2025-02-02 15:13:03 remove hplip:amd64 3.22.10+dfsg0-2 <none>
2025-02-02 15:13:03 status half-configured hplip:amd64 3.22.10+dfsg0-2
2025-02-02 15:13:03 status half-installed hplip:amd64 3.22.10+dfsg0-2
2025-02-02 15:13:03 status triggers-pending man-db:amd64 2.11.2-2
2025-02-02 15:13:03 status triggers-pending dbus:amd64 1.14.10-1~deb12u1
2025-02-02 15:13:03 status config-files hplip:amd64 3.22.10+dfsg0-2
2025-02-02 15:13:03 status installed wget:amd64 1.21.3-1+b2
2025-02-02 15:13:03 remove wget:amd64 1.21.3-1+b2 <none>
2025-02-02 15:13:03 status half-configured wget:amd64 1.21.3-1+b2
2025-02-02 15:13:03 status half-installed wget:amd64 1.21.3-1+b2
2025-02-02 15:13:03 status config-files wget:amd64 1.21.3-1+b2
2025-02-02 15:13:03 startup packages configure
2025-02-02 15:13:03 trigproc dbus:amd64 1.14.10-1~deb12u1 <none>
2025-02-02 15:13:03 status half-configured dbus:amd64 1.14.10-1~deb12u1
2025-02-02 15:13:03 status installed dbus:amd64 1.14.10-1~deb12u1
2025-02-02 15:13:03 trigproc man-db:amd64 2.11.2-2 <none>
2025-02-02 15:13:03 status half-configured man-db:amd64 2.11.2-2
2025-02-02 15:13:04 status installed man-db:amd64 2.11.2-2
2025-02-02 15:13:11 startup archives unpack
2025-02-02 15:13:11 install wget:amd64 1.21.3-1+b2 1.21.3-1+b2
2025-02-02 15:13:11 status half-installed wget:amd64 1.21.3-1+b2
2025-02-02 15:13:11 status triggers-pending man-db:amd64 2.11.2-2
2025-02-02 15:13:11 status unpacked wget:amd64 1.21.3-1+b2
2025-02-02 15:13:11 startup packages configure
2025-02-02 15:13:11 configure wget:amd64 1.21.3-1+b2 <none>
2025-02-02 15:13:11 status unpacked wget:amd64 1.21.3-1+b2
2025-02-02 15:13:11 status half-configured wget:amd64 1.21.3-1+b2
2025-02-02 15:13:11 status installed wget:amd64 1.21.3-1+b2
2025-02-02 15:13:11 trigproc man-db:amd64 2.11.2-2 <none>
2025-02-02 15:13:11 status half-configured man-db:amd64 2.11.2-2
2025-02-02 15:13:12 status installed man-db:amd64 2.11.2-2
2025-02-02 15:13:24 startup packages configure
2025-02-02 15:13:24 startup packages purge
2025-02-02 15:13:24 purge torsocks:amd64 2.4.0-1 <none>
2025-02-02 15:13:24 status config-files torsocks:amd64 2.4.0-1
2025-02-02 15:13:24 status not-installed torsocks:amd64 <none>
2025-02-02 15:13:24 startup packages configure
2025-02-02 15:13:35 startup archives unpack
2025-02-02 15:13:35 install torsocks:amd64 <none> 2.4.0-1
2025-02-02 15:13:35 status half-installed torsocks:amd64 2.4.0-1
2025-02-02 15:13:35 status triggers-pending man-db:amd64 2.11.2-2
2025-02-02 15:13:35 status unpacked torsocks:amd64 2.4.0-1
2025-02-02 15:13:35 startup packages configure
2025-02-02 15:13:35 configure torsocks:amd64 2.4.0-1 <none>
2025-02-02 15:13:35 status unpacked torsocks:amd64 2.4.0-1
2025-02-02 15:13:35 status half-configured torsocks:amd64 2.4.0-1
2025-02-02 15:13:35 status installed torsocks:amd64 2.4.0-1
2025-02-02 15:13:35 trigproc man-db:amd64 2.11.2-2 <none>
2025-02-02 15:13:35 status half-configured man-db:amd64 2.11.2-2
2025-02-02 15:13:36 status installed man-db:amd64 2.11.2-2
2025-02-02 15:50:58 startup packages remove
2025-02-02 15:50:58 status installed tor:amd64 0.4.8.13-1~d12.bookworm+1
2025-02-02 15:50:58 remove tor:amd64 0.4.8.13-1~d12.bookworm+1 <none>
2025-02-02 15:50:58 status half-configured tor:amd64 0.4.8.13-1~d12.bookworm+1
2025-02-02 15:50:58 status half-installed tor:amd64 0.4.8.13-1~d12.bookworm+1
2025-02-02 15:50:58 status triggers-pending man-db:amd64 2.11.2-2
2025-02-02 15:50:58 status config-files tor:amd64 0.4.8.13-1~d12.bookworm+1
2025-02-02 15:50:58 startup packages configure
2025-02-02 15:50:58 trigproc man-db:amd64 2.11.2-2 <none>
2025-02-02 15:50:58 status half-configured man-db:amd64 2.11.2-2
2025-02-02 15:51:00 status installed man-db:amd64 2.11.2-2
2025-02-02 15:51:04 startup packages remove
2025-02-02 15:51:04 status installed torsocks:amd64 2.4.0-1
2025-02-02 15:51:04 remove torsocks:amd64 2.4.0-1 <none>
2025-02-02 15:51:04 status half-configured torsocks:amd64 2.4.0-1
2025-02-02 15:51:04 status half-installed torsocks:amd64 2.4.0-1
2025-02-02 15:51:04 status triggers-pending man-db:amd64 2.11.2-2
2025-02-02 15:51:05 status config-files torsocks:amd64 2.4.0-1
2025-02-02 15:51:05 startup packages configure
2025-02-02 15:51:05 trigproc man-db:amd64 2.11.2-2 <none>
2025-02-02 15:51:05 status half-configured man-db:amd64 2.11.2-2
2025-02-02 15:51:05 status installed man-db:amd64 2.11.2-2
2025-02-02 16:06:06 startup packages remove
2025-02-02 16:06:06 status installed wget:amd64 1.21.3-1+b2
2025-02-02 16:06:06 remove wget:amd64 1.21.3-1+b2 <none>
2025-02-02 16:06:06 status half-configured wget:amd64 1.21.3-1+b2
2025-02-02 16:06:06 status half-installed wget:amd64 1.21.3-1+b2
2025-02-02 16:06:06 status triggers-pending man-db:amd64 2.11.2-2
2025-02-02 16:06:06 status config-files wget:amd64 1.21.3-1+b2
2025-02-02 16:06:07 startup packages configure
2025-02-02 16:06:07 trigproc man-db:amd64 2.11.2-2 <none>
2025-02-02 16:06:07 status half-configured man-db:amd64 2.11.2-2
2025-02-02 16:06:07 status installed man-db:amd64 2.11.2-2
2025-02-02 16:06:07 startup packages purge
2025-02-02 16:06:07 purge wget:amd64 1.21.3-1+b2 <none>
2025-02-02 16:06:07 status config-files wget:amd64 1.21.3-1+b2
2025-02-02 16:06:07 status not-installed wget:amd64 <none>
2025-02-02 16:06:07 startup packages configure
2025-02-02 16:06:11 startup archives unpack
2025-02-02 16:06:11 install wget:amd64 <none> 1.21.3-1+b2
2025-02-02 16:06:11 status half-installed wget:amd64 1.21.3-1+b2
2025-02-02 16:06:11 status triggers-pending man-db:amd64 2.11.2-2
2025-02-02 16:06:12 status unpacked wget:amd64 1.21.3-1+b2
2025-02-02 16:06:12 startup packages configure
2025-02-02 16:06:12 configure wget:amd64 1.21.3-1+b2 <none>
2025-02-02 16:06:12 status unpacked wget:amd64 1.21.3-1+b2
2025-02-02 16:06:12 status half-configured wget:amd64 1.21.3-1+b2
2025-02-02 16:06:12 status installed wget:amd64 1.21.3-1+b2
2025-02-02 16:06:12 trigproc man-db:amd64 2.11.2-2 <none>
2025-02-02 16:06:12 status half-configured man-db:amd64 2.11.2-2
2025-02-02 16:06:12 status installed man-db:amd64 2.11.2-2
2025-02-02 16:06:30 startup packages remove
2025-02-02 16:06:30 status installed wget:amd64 1.21.3-1+b2
2025-02-02 16:06:30 remove wget:amd64 1.21.3-1+b2 <none>
2025-02-02 16:06:30 status half-configured wget:amd64 1.21.3-1+b2
2025-02-02 16:06:30 status half-installed wget:amd64 1.21.3-1+b2
2025-02-02 16:06:30 status triggers-pending man-db:amd64 2.11.2-2
2025-02-02 16:06:30 status config-files wget:amd64 1.21.3-1+b2
2025-02-02 16:06:30 startup packages configure
2025-02-02 16:06:30 trigproc man-db:amd64 2.11.2-2 <none>
2025-02-02 16:06:30 status half-configured man-db:amd64 2.11.2-2
2025-02-02 16:06:30 status installed man-db:amd64 2.11.2-2
2025-02-02 16:06:30 startup packages purge
2025-02-02 16:06:31 purge wget:amd64 1.21.3-1+b2 <none>
2025-02-02 16:06:31 status config-files wget:amd64 1.21.3-1+b2
2025-02-02 16:06:31 status not-installed wget:amd64 <none>
2025-02-02 16:06:31 startup packages configure
2025-02-02 16:06:34 startup archives unpack
2025-02-02 16:06:34 install wget:amd64 <none> 1.21.3-1+b2
2025-02-02 16:06:34 status half-installed wget:amd64 1.21.3-1+b2
2025-02-02 16:06:34 status triggers-pending man-db:amd64 2.11.2-2
2025-02-02 16:06:34 status unpacked wget:amd64 1.21.3-1+b2
2025-02-02 16:06:34 startup packages configure
2025-02-02 16:06:34 configure wget:amd64 1.21.3-1+b2 <none>
2025-02-02 16:06:34 status unpacked wget:amd64 1.21.3-1+b2
2025-02-02 16:06:34 status half-configured wget:amd64 1.21.3-1+b2
2025-02-02 16:06:34 status installed wget:amd64 1.21.3-1+b2
2025-02-02 16:06:34 trigproc man-db:amd64 2.11.2-2 <none>
2025-02-02 16:06:34 status half-configured man-db:amd64 2.11.2-2
2025-02-02 16:06:35 status installed man-db:amd64 2.11.2-2
2025-02-02 16:08:03 startup archives unpack
2025-02-02 16:08:04 upgrade wget:amd64 1.21.3-1+b2 1.21.3-1+b2
2025-02-02 16:08:04 status half-configured wget:amd64 1.21.3-1+b2
2025-02-02 16:08:04 status unpacked wget:amd64 1.21.3-1+b2
2025-02-02 16:08:04 status half-installed wget:amd64 1.21.3-1+b2
2025-02-02 16:08:04 status triggers-pending man-db:amd64 2.11.2-2
2025-02-02 16:08:04 status unpacked wget:amd64 1.21.3-1+b2
2025-02-02 16:08:04 startup packages configure
2025-02-02 16:08:04 configure wget:amd64 1.21.3-1+b2 <none>
2025-02-02 16:08:04 status unpacked wget:amd64 1.21.3-1+b2
2025-02-02 16:08:04 status half-configured wget:amd64 1.21.3-1+b2
2025-02-02 16:08:04 status installed wget:amd64 1.21.3-1+b2
2025-02-02 16:08:04 trigproc man-db:amd64 2.11.2-2 <none>
2025-02-02 16:08:04 status half-configured man-db:amd64 2.11.2-2
2025-02-02 16:08:05 status installed man-db:amd64 2.11.2-2
2025-02-02 16:08:33 startup packages remove
2025-02-02 16:08:33 status installed wget:amd64 1.21.3-1+b2
2025-02-02 16:08:33 remove wget:amd64 1.21.3-1+b2 <none>
2025-02-02 16:08:33 status half-configured wget:amd64 1.21.3-1+b2
2025-02-02 16:08:33 status half-installed wget:amd64 1.21.3-1+b2
2025-02-02 16:08:33 status triggers-pending man-db:amd64 2.11.2-2
2025-02-02 16:08:33 status config-files wget:amd64 1.21.3-1+b2
2025-02-02 16:08:33 startup packages configure
2025-02-02 16:08:33 trigproc man-db:amd64 2.11.2-2 <none>
2025-02-02 16:08:33 status half-configured man-db:amd64 2.11.2-2
2025-02-02 16:08:34 status installed man-db:amd64 2.11.2-2
2025-02-02 16:08:34 startup packages purge
2025-02-02 16:08:34 purge wget:amd64 1.21.3-1+b2 <none>
2025-02-02 16:08:34 status config-files wget:amd64 1.21.3-1+b2
2025-02-02 16:08:34 status not-installed wget:amd64 <none>
2025-02-02 16:08:34 startup packages configure
2025-02-02 16:08:48 startup archives unpack
2025-02-02 16:08:49 install wget:amd64 <none> 1.21.3-1+b2
2025-02-02 16:08:49 status half-installed wget:amd64 1.21.3-1+b2
2025-02-02 16:08:49 status triggers-pending man-db:amd64 2.11.2-2
2025-02-02 16:08:49 status unpacked wget:amd64 1.21.3-1+b2
2025-02-02 16:08:49 startup packages configure
2025-02-02 16:08:49 configure wget:amd64 1.21.3-1+b2 <none>
2025-02-02 16:08:49 status unpacked wget:amd64 1.21.3-1+b2
2025-02-02 16:08:49 status half-configured wget:amd64 1.21.3-1+b2
2025-02-02 16:08:49 status installed wget:amd64 1.21.3-1+b2
2025-02-02 16:08:49 trigproc man-db:amd64 2.11.2-2 <none>
2025-02-02 16:08:49 status half-configured man-db:amd64 2.11.2-2
2025-02-02 16:08:49 status installed man-db:amd64 2.11.2-2
2025-02-02 16:11:44 startup archives unpack
2025-02-02 16:11:44 install tor:amd64 0.4.8.13-1~d12.bookworm+1 0.4.8.13-1~d12.bookworm+1
2025-02-02 16:11:44 status half-installed tor:amd64 0.4.8.13-1~d12.bookworm+1
2025-02-02 16:11:44 status triggers-pending man-db:amd64 2.11.2-2
2025-02-02 16:11:44 status unpacked tor:amd64 0.4.8.13-1~d12.bookworm+1
2025-02-02 16:11:44 startup packages configure
2025-02-02 16:11:44 configure tor:amd64 0.4.8.13-1~d12.bookworm+1 <none>
2025-02-02 16:11:44 status unpacked tor:amd64 0.4.8.13-1~d12.bookworm+1
2025-02-02 16:11:44 status half-configured tor:amd64 0.4.8.13-1~d12.bookworm+1
2025-02-02 16:11:46 status installed tor:amd64 0.4.8.13-1~d12.bookworm+1
2025-02-02 16:11:46 trigproc man-db:amd64 2.11.2-2 <none>
2025-02-02 16:11:46 status half-configured man-db:amd64 2.11.2-2
2025-02-02 16:11:47 status installed man-db:amd64 2.11.2-2
2025-02-02 16:13:06 startup archives unpack
2025-02-02 16:13:06 upgrade wget:amd64 1.21.3-1+b2 1.21.3-1+b2
2025-02-02 16:13:06 status half-configured wget:amd64 1.21.3-1+b2
2025-02-02 16:13:06 status unpacked wget:amd64 1.21.3-1+b2
2025-02-02 16:13:06 status half-installed wget:amd64 1.21.3-1+b2
2025-02-02 16:13:06 status triggers-pending man-db:amd64 2.11.2-2
2025-02-02 16:13:06 status unpacked wget:amd64 1.21.3-1+b2
2025-02-02 16:13:07 startup packages configure
2025-02-02 16:13:07 configure wget:amd64 1.21.3-1+b2 <none>
2025-02-02 16:13:07 status unpacked wget:amd64 1.21.3-1+b2
2025-02-02 16:13:07 status half-configured wget:amd64 1.21.3-1+b2
2025-02-02 16:13:07 status installed wget:amd64 1.21.3-1+b2
2025-02-02 16:13:07 trigproc man-db:amd64 2.11.2-2 <none>
2025-02-02 16:13:07 status half-configured man-db:amd64 2.11.2-2
2025-02-02 16:13:07 status installed man-db:amd64 2.11.2-2
2025-02-02 16:13:30 startup packages remove
2025-02-02 16:13:30 status installed cython3:amd64 0.29.32-2+b1
2025-02-02 16:13:30 remove cython3:amd64 0.29.32-2+b1 <none>
2025-02-02 16:13:30 status half-configured cython3:amd64 0.29.32-2+b1
2025-02-02 16:13:30 status half-installed cython3:amd64 0.29.32-2+b1
2025-02-02 16:13:30 status config-files cython3:amd64 0.29.32-2+b1
2025-02-02 16:13:30 status not-installed cython3:amd64 <none>
2025-02-02 16:13:30 status installed hplip-data:all 3.22.10+dfsg0-2
2025-02-02 16:13:30 remove hplip-data:all 3.22.10+dfsg0-2 <none>
2025-02-02 16:13:30 status half-configured hplip-data:all 3.22.10+dfsg0-2
2025-02-02 16:13:30 status half-installed hplip-data:all 3.22.10+dfsg0-2
2025-02-02 16:13:30 status config-files hplip-data:all 3.22.10+dfsg0-2
2025-02-02 16:13:30 status not-installed hplip-data:all <none>
2025-02-02 16:13:30 status installed python3-gevent-websocket:all 0.10.1-5
2025-02-02 16:13:30 remove python3-gevent-websocket:all 0.10.1-5 <none>
2025-02-02 16:13:30 status half-configured python3-gevent-websocket:all 0.10.1-5
2025-02-02 16:13:31 status half-installed python3-gevent-websocket:all 0.10.1-5
2025-02-02 16:13:31 status config-files python3-gevent-websocket:all 0.10.1-5
2025-02-02 16:13:31 status not-installed python3-gevent-websocket:all <none>
2025-02-02 16:13:31 status installed python3-gevent:amd64 22.10.2-3
2025-02-02 16:13:31 remove python3-gevent:amd64 22.10.2-3 <none>
2025-02-02 16:13:31 status half-configured python3-gevent:amd64 22.10.2-3
2025-02-02 16:13:31 status half-installed python3-gevent:amd64 22.10.2-3
2025-02-02 16:13:31 status config-files python3-gevent:amd64 22.10.2-3
2025-02-02 16:13:31 status not-installed python3-gevent:amd64 <none>
2025-02-02 16:13:31 status installed libc-ares2:amd64 1.18.1-3
2025-02-02 16:13:31 remove libc-ares2:amd64 1.18.1-3 <none>
2025-02-02 16:13:31 status triggers-pending libc-bin:amd64 2.36-9+deb12u9
2025-02-02 16:13:31 status half-configured libc-ares2:amd64 1.18.1-3
2025-02-02 16:13:31 status half-installed libc-ares2:amd64 1.18.1-3
2025-02-02 16:13:31 status config-files libc-ares2:amd64 1.18.1-3
2025-02-02 16:13:31 status not-installed libc-ares2:amd64 <none>
2025-02-02 16:13:31 status installed libev4:amd64 1:4.33-1
2025-02-02 16:13:31 remove libev4:amd64 1:4.33-1 <none>
2025-02-02 16:13:31 status half-configured libev4:amd64 1:4.33-1
2025-02-02 16:13:31 status half-installed libev4:amd64 1:4.33-1
2025-02-02 16:13:31 status config-files libev4:amd64 1:4.33-1
2025-02-02 16:13:31 status not-installed libev4:amd64 <none>
2025-02-02 16:13:31 status installed python3-qtpy:all 2.3.0-1
2025-02-02 16:13:31 remove python3-qtpy:all 2.3.0-1 <none>
2025-02-02 16:13:31 status half-configured python3-qtpy:all 2.3.0-1
2025-02-02 16:13:31 status half-installed python3-qtpy:all 2.3.0-1
2025-02-02 16:13:31 status triggers-pending man-db:amd64 2.11.2-2
2025-02-02 16:13:31 status config-files python3-qtpy:all 2.3.0-1
2025-02-02 16:13:31 status not-installed python3-qtpy:all <none>
2025-02-02 16:13:31 status installed python3-pyqt5.qtchart:amd64 5.15.6+dfsg-1
2025-02-02 16:13:31 remove python3-pyqt5.qtchart:amd64 5.15.6+dfsg-1 <none>
2025-02-02 16:13:31 status half-configured python3-pyqt5.qtchart:amd64 5.15.6+dfsg-1
2025-02-02 16:13:31 status half-installed python3-pyqt5.qtchart:amd64 5.15.6+dfsg-1
2025-02-02 16:13:31 status config-files python3-pyqt5.qtchart:amd64 5.15.6+dfsg-1
2025-02-02 16:13:31 status not-installed python3-pyqt5.qtchart:amd64 <none>
2025-02-02 16:13:31 status installed libqt5charts5:amd64 5.15.8-2
2025-02-02 16:13:31 remove libqt5charts5:amd64 5.15.8-2 <none>
2025-02-02 16:13:31 status half-configured libqt5charts5:amd64 5.15.8-2
2025-02-02 16:13:31 status half-installed libqt5charts5:amd64 5.15.8-2
2025-02-02 16:13:31 status config-files libqt5charts5:amd64 5.15.8-2
2025-02-02 16:13:31 status not-installed libqt5charts5:amd64 <none>
2025-02-02 16:13:31 status installed python3-pyqt5.qtpositioning:amd64 5.15.9+dfsg-1
2025-02-02 16:13:31 remove python3-pyqt5.qtpositioning:amd64 5.15.9+dfsg-1 <none>
2025-02-02 16:13:31 status half-configured python3-pyqt5.qtpositioning:amd64 5.15.9+dfsg-1
2025-02-02 16:13:31 status half-installed python3-pyqt5.qtpositioning:amd64 5.15.9+dfsg-1
2025-02-02 16:13:31 status config-files python3-pyqt5.qtpositioning:amd64 5.15.9+dfsg-1
2025-02-02 16:13:31 status not-installed python3-pyqt5.qtpositioning:amd64 <none>
2025-02-02 16:13:31 status installed libqt5location5:amd64 5.15.8+dfsg-3+deb12u1
2025-02-02 16:13:31 remove libqt5location5:amd64 5.15.8+dfsg-3+deb12u1 <none>
2025-02-02 16:13:31 status half-configured libqt5location5:amd64 5.15.8+dfsg-3+deb12u1
2025-02-02 16:13:31 status half-installed libqt5location5:amd64 5.15.8+dfsg-3+deb12u1
2025-02-02 16:13:31 status config-files libqt5location5:amd64 5.15.8+dfsg-3+deb12u1
2025-02-02 16:13:31 status not-installed libqt5location5:amd64 <none>
2025-02-02 16:13:31 status installed python3-pyqt5.qtmultimedia:amd64 5.15.9+dfsg-1
2025-02-02 16:13:31 remove python3-pyqt5.qtmultimedia:amd64 5.15.9+dfsg-1 <none>
2025-02-02 16:13:31 status half-configured python3-pyqt5.qtmultimedia:amd64 5.15.9+dfsg-1
2025-02-02 16:13:31 status half-installed python3-pyqt5.qtmultimedia:amd64 5.15.9+dfsg-1
2025-02-02 16:13:31 status config-files python3-pyqt5.qtmultimedia:amd64 5.15.9+dfsg-1
2025-02-02 16:13:31 status not-installed python3-pyqt5.qtmultimedia:amd64 <none>
2025-02-02 16:13:31 status installed libqt5multimediawidgets5:amd64 5.15.8-2
2025-02-02 16:13:31 remove libqt5multimediawidgets5:amd64 5.15.8-2 <none>
2025-02-02 16:13:31 status half-configured libqt5multimediawidgets5:amd64 5.15.8-2
2025-02-02 16:13:31 status half-installed libqt5multimediawidgets5:amd64 5.15.8-2
2025-02-02 16:13:31 status config-files libqt5multimediawidgets5:amd64 5.15.8-2
2025-02-02 16:13:31 status not-installed libqt5multimediawidgets5:amd64 <none>
2025-02-02 16:13:31 status installed libqt5multimedia5:amd64 5.15.8-2
2025-02-02 16:13:31 remove libqt5multimedia5:amd64 5.15.8-2 <none>
2025-02-02 16:13:31 status half-configured libqt5multimedia5:amd64 5.15.8-2
2025-02-02 16:13:31 status half-installed libqt5multimedia5:amd64 5.15.8-2
2025-02-02 16:13:31 status config-files libqt5multimedia5:amd64 5.15.8-2
2025-02-02 16:13:31 status not-installed libqt5multimedia5:amd64 <none>
2025-02-02 16:13:31 status installed python3-pyqt5.qtopengl:amd64 5.15.9+dfsg-1
2025-02-02 16:13:31 remove python3-pyqt5.qtopengl:amd64 5.15.9+dfsg-1 <none>
2025-02-02 16:13:31 status half-configured python3-pyqt5.qtopengl:amd64 5.15.9+dfsg-1
2025-02-02 16:13:31 status half-installed python3-pyqt5.qtopengl:amd64 5.15.9+dfsg-1
2025-02-02 16:13:31 status config-files python3-pyqt5.qtopengl:amd64 5.15.9+dfsg-1
2025-02-02 16:13:31 status not-installed python3-pyqt5.qtopengl:amd64 <none>
2025-02-02 16:13:31 status installed libqt5opengl5:amd64 5.15.8+dfsg-11+deb12u2
2025-02-02 16:13:31 remove libqt5opengl5:amd64 5.15.8+dfsg-11+deb12u2 <none>
2025-02-02 16:13:31 status half-configured libqt5opengl5:amd64 5.15.8+dfsg-11+deb12u2
2025-02-02 16:13:31 status half-installed libqt5opengl5:amd64 5.15.8+dfsg-11+deb12u2
2025-02-02 16:13:31 status config-files libqt5opengl5:amd64 5.15.8+dfsg-11+deb12u2
2025-02-02 16:13:31 status not-installed libqt5opengl5:amd64 <none>
2025-02-02 16:13:31 status installed python3-pyqt5.qtwebkit:amd64 5.15.9+dfsg-1
2025-02-02 16:13:31 remove python3-pyqt5.qtwebkit:amd64 5.15.9+dfsg-1 <none>
2025-02-02 16:13:31 status half-configured python3-pyqt5.qtwebkit:amd64 5.15.9+dfsg-1
2025-02-02 16:13:31 status half-installed python3-pyqt5.qtwebkit:amd64 5.15.9+dfsg-1
2025-02-02 16:13:31 status config-files python3-pyqt5.qtwebkit:amd64 5.15.9+dfsg-1
2025-02-02 16:13:31 status not-installed python3-pyqt5.qtwebkit:amd64 <none>
2025-02-02 16:13:31 status installed libqt5webkit5:amd64 5.212.0~alpha4-30
2025-02-02 16:13:31 remove libqt5webkit5:amd64 5.212.0~alpha4-30 <none>
2025-02-02 16:13:31 status half-configured libqt5webkit5:amd64 5.212.0~alpha4-30
2025-02-02 16:13:31 status half-installed libqt5webkit5:amd64 5.212.0~alpha4-30
2025-02-02 16:13:31 status config-files libqt5webkit5:amd64 5.212.0~alpha4-30
2025-02-02 16:13:31 status not-installed libqt5webkit5:amd64 <none>
2025-02-02 16:13:31 status installed libqt5positioningquick5:amd64 5.15.8+dfsg-3+deb12u1
2025-02-02 16:13:31 remove libqt5positioningquick5:amd64 5.15.8+dfsg-3+deb12u1 <none>
2025-02-02 16:13:31 status half-configured libqt5positioningquick5:amd64 5.15.8+dfsg-3+deb12u1
2025-02-02 16:13:31 status half-installed libqt5positioningquick5:amd64 5.15.8+dfsg-3+deb12u1
2025-02-02 16:13:31 status config-files libqt5positioningquick5:amd64 5.15.8+dfsg-3+deb12u1
2025-02-02 16:13:32 status not-installed libqt5positioningquick5:amd64 <none>
2025-02-02 16:13:32 status installed libqt5positioning5:amd64 5.15.8+dfsg-3+deb12u1
2025-02-02 16:13:32 remove libqt5positioning5:amd64 5.15.8+dfsg-3+deb12u1 <none>
2025-02-02 16:13:32 status half-configured libqt5positioning5:amd64 5.15.8+dfsg-3+deb12u1
2025-02-02 16:13:32 status half-installed libqt5positioning5:amd64 5.15.8+dfsg-3+deb12u1
2025-02-02 16:13:32 status config-files libqt5positioning5:amd64 5.15.8+dfsg-3+deb12u1
2025-02-02 16:13:32 status not-installed libqt5positioning5:amd64 <none>
2025-02-02 16:13:32 status installed python3-pyqt5.qtquick:amd64 5.15.9+dfsg-1
2025-02-02 16:13:32 remove python3-pyqt5.qtquick:amd64 5.15.9+dfsg-1 <none>
2025-02-02 16:13:32 status half-configured python3-pyqt5.qtquick:amd64 5.15.9+dfsg-1
2025-02-02 16:13:32 status half-installed python3-pyqt5.qtquick:amd64 5.15.9+dfsg-1
2025-02-02 16:13:32 status config-files python3-pyqt5.qtquick:amd64 5.15.9+dfsg-1
2025-02-02 16:13:32 status not-installed python3-pyqt5.qtquick:amd64 <none>
2025-02-02 16:13:32 status installed libqt5quickwidgets5:amd64 5.15.8+dfsg-3
2025-02-02 16:13:32 remove libqt5quickwidgets5:amd64 5.15.8+dfsg-3 <none>
2025-02-02 16:13:32 status half-configured libqt5quickwidgets5:amd64 5.15.8+dfsg-3
2025-02-02 16:13:32 status half-installed libqt5quickwidgets5:amd64 5.15.8+dfsg-3
2025-02-02 16:13:32 status config-files libqt5quickwidgets5:amd64 5.15.8+dfsg-3
2025-02-02 16:13:32 status not-installed libqt5quickwidgets5:amd64 <none>
2025-02-02 16:13:32 status installed python3-pyqt5.qtremoteobjects:amd64 5.15.9+dfsg-1
2025-02-02 16:13:32 remove python3-pyqt5.qtremoteobjects:amd64 5.15.9+dfsg-1 <none>
2025-02-02 16:13:32 status half-configured python3-pyqt5.qtremoteobjects:amd64 5.15.9+dfsg-1
2025-02-02 16:13:32 status half-installed python3-pyqt5.qtremoteobjects:amd64 5.15.9+dfsg-1
2025-02-02 16:13:32 status config-files python3-pyqt5.qtremoteobjects:amd64 5.15.9+dfsg-1
2025-02-02 16:13:32 status not-installed python3-pyqt5.qtremoteobjects:amd64 <none>
2025-02-02 16:13:32 status installed libqt5remoteobjects5:amd64 5.15.8-2
2025-02-02 16:13:32 remove libqt5remoteobjects5:amd64 5.15.8-2 <none>
2025-02-02 16:13:32 status half-configured libqt5remoteobjects5:amd64 5.15.8-2
2025-02-02 16:13:32 status half-installed libqt5remoteobjects5:amd64 5.15.8-2
2025-02-02 16:13:32 status config-files libqt5remoteobjects5:amd64 5.15.8-2
2025-02-02 16:13:32 status not-installed libqt5remoteobjects5:amd64 <none>
2025-02-02 16:13:32 status installed python3-pyqt5.qtsensors:amd64 5.15.9+dfsg-1
2025-02-02 16:13:32 remove python3-pyqt5.qtsensors:amd64 5.15.9+dfsg-1 <none>
2025-02-02 16:13:32 status half-configured python3-pyqt5.qtsensors:amd64 5.15.9+dfsg-1
2025-02-02 16:13:32 status half-installed python3-pyqt5.qtsensors:amd64 5.15.9+dfsg-1
2025-02-02 16:13:32 status config-files python3-pyqt5.qtsensors:amd64 5.15.9+dfsg-1
2025-02-02 16:13:32 status not-installed python3-pyqt5.qtsensors:amd64 <none>
2025-02-02 16:13:32 status installed libqt5sensors5:amd64 5.15.8-2
2025-02-02 16:13:32 remove libqt5sensors5:amd64 5.15.8-2 <none>
2025-02-02 16:13:32 status half-configured libqt5sensors5:amd64 5.15.8-2
2025-02-02 16:13:32 status half-installed libqt5sensors5:amd64 5.15.8-2
2025-02-02 16:13:32 status config-files libqt5sensors5:amd64 5.15.8-2
2025-02-02 16:13:32 status not-installed libqt5sensors5:amd64 <none>
2025-02-02 16:13:32 status installed python3-pyqt5.qtserialport:amd64 5.15.9+dfsg-1
2025-02-02 16:13:32 remove python3-pyqt5.qtserialport:amd64 5.15.9+dfsg-1 <none>
2025-02-02 16:13:32 status half-configured python3-pyqt5.qtserialport:amd64 5.15.9+dfsg-1
2025-02-02 16:13:32 status half-installed python3-pyqt5.qtserialport:amd64 5.15.9+dfsg-1
2025-02-02 16:13:32 status config-files python3-pyqt5.qtserialport:amd64 5.15.9+dfsg-1
2025-02-02 16:13:32 status not-installed python3-pyqt5.qtserialport:amd64 <none>
2025-02-02 16:13:32 status installed libqt5serialport5:amd64 5.15.8-2
2025-02-02 16:13:32 remove libqt5serialport5:amd64 5.15.8-2 <none>
2025-02-02 16:13:32 status half-configured libqt5serialport5:amd64 5.15.8-2
2025-02-02 16:13:32 status half-installed libqt5serialport5:amd64 5.15.8-2
2025-02-02 16:13:32 status config-files libqt5serialport5:amd64 5.15.8-2
2025-02-02 16:13:32 status not-installed libqt5serialport5:amd64 <none>
2025-02-02 16:13:32 status installed python3-pyqt5.qtwebchannel:amd64 5.15.9+dfsg-1
2025-02-02 16:13:32 remove python3-pyqt5.qtwebchannel:amd64 5.15.9+dfsg-1 <none>
2025-02-02 16:13:32 status half-configured python3-pyqt5.qtwebchannel:amd64 5.15.9+dfsg-1
2025-02-02 16:13:32 status half-installed python3-pyqt5.qtwebchannel:amd64 5.15.9+dfsg-1
2025-02-02 16:13:32 status config-files python3-pyqt5.qtwebchannel:amd64 5.15.9+dfsg-1
2025-02-02 16:13:32 status not-installed python3-pyqt5.qtwebchannel:amd64 <none>
2025-02-02 16:13:32 status installed libqt5webchannel5:amd64 5.15.8-2
2025-02-02 16:13:32 remove libqt5webchannel5:amd64 5.15.8-2 <none>
2025-02-02 16:13:32 status half-configured libqt5webchannel5:amd64 5.15.8-2
2025-02-02 16:13:32 status half-installed libqt5webchannel5:amd64 5.15.8-2
2025-02-02 16:13:32 status config-files libqt5webchannel5:amd64 5.15.8-2
2025-02-02 16:13:32 status not-installed libqt5webchannel5:amd64 <none>
2025-02-02 16:13:32 status installed python3-pyqt5.qtwebsockets:amd64 5.15.9+dfsg-1
2025-02-02 16:13:32 remove python3-pyqt5.qtwebsockets:amd64 5.15.9+dfsg-1 <none>
2025-02-02 16:13:32 status half-configured python3-pyqt5.qtwebsockets:amd64 5.15.9+dfsg-1
2025-02-02 16:13:32 status half-installed python3-pyqt5.qtwebsockets:amd64 5.15.9+dfsg-1
2025-02-02 16:13:32 status config-files python3-pyqt5.qtwebsockets:amd64 5.15.9+dfsg-1
2025-02-02 16:13:32 status not-installed python3-pyqt5.qtwebsockets:amd64 <none>
2025-02-02 16:13:32 status installed libqt5websockets5:amd64 5.15.8-2
2025-02-02 16:13:32 remove libqt5websockets5:amd64 5.15.8-2 <none>
2025-02-02 16:13:32 status half-configured libqt5websockets5:amd64 5.15.8-2
2025-02-02 16:13:32 status half-installed libqt5websockets5:amd64 5.15.8-2
2025-02-02 16:13:32 status config-files libqt5websockets5:amd64 5.15.8-2
2025-02-02 16:13:32 status not-installed libqt5websockets5:amd64 <none>
2025-02-02 16:13:32 status installed python3-pyqt5.qtxmlpatterns:amd64 5.15.9+dfsg-1
2025-02-02 16:13:32 remove python3-pyqt5.qtxmlpatterns:amd64 5.15.9+dfsg-1 <none>
2025-02-02 16:13:32 status half-configured python3-pyqt5.qtxmlpatterns:amd64 5.15.9+dfsg-1
2025-02-02 16:13:32 status half-installed python3-pyqt5.qtxmlpatterns:amd64 5.15.9+dfsg-1
2025-02-02 16:13:32 status config-files python3-pyqt5.qtxmlpatterns:amd64 5.15.9+dfsg-1
2025-02-02 16:13:32 status not-installed python3-pyqt5.qtxmlpatterns:amd64 <none>
2025-02-02 16:13:32 status installed libqt5xmlpatterns5:amd64 5.15.8-2
2025-02-02 16:13:32 remove libqt5xmlpatterns5:amd64 5.15.8-2 <none>
2025-02-02 16:13:32 status half-configured libqt5xmlpatterns5:amd64 5.15.8-2
2025-02-02 16:13:32 status half-installed libqt5xmlpatterns5:amd64 5.15.8-2
2025-02-02 16:13:32 status config-files libqt5xmlpatterns5:amd64 5.15.8-2
2025-02-02 16:13:32 status not-installed libqt5xmlpatterns5:amd64 <none>
2025-02-02 16:13:32 status installed python3-flask-socketio:all 5.3.2-1
2025-02-02 16:13:32 remove python3-flask-socketio:all 5.3.2-1 <none>
2025-02-02 16:13:32 status half-configured python3-flask-socketio:all 5.3.2-1
2025-02-02 16:13:32 status half-installed python3-flask-socketio:all 5.3.2-1
2025-02-02 16:13:32 status config-files python3-flask-socketio:all 5.3.2-1
2025-02-02 16:13:32 status not-installed python3-flask-socketio:all <none>
2025-02-02 16:13:32 status installed python3-socketio:all 5.7.2-2
2025-02-02 16:13:32 remove python3-socketio:all 5.7.2-2 <none>
2025-02-02 16:13:32 status half-configured python3-socketio:all 5.7.2-2
2025-02-02 16:13:32 status half-installed python3-socketio:all 5.7.2-2
2025-02-02 16:13:32 status config-files python3-socketio:all 5.7.2-2
2025-02-02 16:13:32 status not-installed python3-socketio:all <none>
2025-02-02 16:13:32 status installed python3-bidict:all 0.22.1-1
2025-02-02 16:13:32 remove python3-bidict:all 0.22.1-1 <none>
2025-02-02 16:13:32 status half-configured python3-bidict:all 0.22.1-1
2025-02-02 16:13:33 status half-installed python3-bidict:all 0.22.1-1
2025-02-02 16:13:33 status config-files python3-bidict:all 0.22.1-1
2025-02-02 16:13:33 status not-installed python3-bidict:all <none>
2025-02-02 16:13:33 status installed python3-flask-compress:all 1.4.0-5
2025-02-02 16:13:33 remove python3-flask-compress:all 1.4.0-5 <none>
2025-02-02 16:13:33 status half-configured python3-flask-compress:all 1.4.0-5
2025-02-02 16:13:33 status half-installed python3-flask-compress:all 1.4.0-5
2025-02-02 16:13:33 status config-files python3-flask-compress:all 1.4.0-5
2025-02-02 16:13:33 status not-installed python3-flask-compress:all <none>
2025-02-02 16:13:33 status installed python3-flask:all 3.1.0-2
2025-02-02 16:13:33 remove python3-flask:all 3.1.0-2 <none>
2025-02-02 16:13:33 status half-configured python3-flask:all 3.1.0-2
2025-02-02 16:13:33 status half-installed python3-flask:all 3.1.0-2
2025-02-02 16:13:33 status config-files python3-flask:all 3.1.0-2
2025-02-02 16:13:33 status not-installed python3-flask:all <none>
2025-02-02 16:13:33 status installed python3-blinker:all 1.9.0-1
2025-02-02 16:13:33 remove python3-blinker:all 1.9.0-1 <none>
2025-02-02 16:13:33 status half-configured python3-blinker:all 1.9.0-1
2025-02-02 16:13:33 status half-installed python3-blinker:all 1.9.0-1
2025-02-02 16:13:33 status config-files python3-blinker:all 1.9.0-1
2025-02-02 16:13:33 status not-installed python3-blinker:all <none>
2025-02-02 16:13:33 status installed python3-cffi:all 1.15.1-5
2025-02-02 16:13:33 remove python3-cffi:all 1.15.1-5 <none>
2025-02-02 16:13:33 status half-configured python3-cffi:all 1.15.1-5
2025-02-02 16:13:33 status half-installed python3-cffi:all 1.15.1-5
2025-02-02 16:13:33 status config-files python3-cffi:all 1.15.1-5
2025-02-02 16:13:33 status not-installed python3-cffi:all <none>
2025-02-02 16:13:33 status installed python3-click:all 8.1.3-2
2025-02-02 16:13:33 remove python3-click:all 8.1.3-2 <none>
2025-02-02 16:13:33 status half-configured python3-click:all 8.1.3-2
2025-02-02 16:13:33 status half-installed python3-click:all 8.1.3-2
2025-02-02 16:13:33 status config-files python3-click:all 8.1.3-2
2025-02-02 16:13:33 status not-installed python3-click:all <none>
2025-02-02 16:13:33 status installed python3-colorama:all 0.4.6-2
2025-02-02 16:13:33 remove python3-colorama:all 0.4.6-2 <none>
2025-02-02 16:13:33 status half-configured python3-colorama:all 0.4.6-2
2025-02-02 16:13:33 status half-installed python3-colorama:all 0.4.6-2
2025-02-02 16:13:33 status config-files python3-colorama:all 0.4.6-2
2025-02-02 16:13:33 status not-installed python3-colorama:all <none>
2025-02-02 16:13:33 status installed python3-engineio:all 4.3.4-2
2025-02-02 16:13:33 remove python3-engineio:all 4.3.4-2 <none>
2025-02-02 16:13:33 status half-configured python3-engineio:all 4.3.4-2
2025-02-02 16:13:33 status half-installed python3-engineio:all 4.3.4-2
2025-02-02 16:13:33 status config-files python3-engineio:all 4.3.4-2
2025-02-02 16:13:33 status not-installed python3-engineio:all <none>
2025-02-02 16:13:33 status installed python3-eventlet:all 0.33.1-4
2025-02-02 16:13:33 remove python3-eventlet:all 0.33.1-4 <none>
2025-02-02 16:13:33 status half-configured python3-eventlet:all 0.33.1-4
2025-02-02 16:13:34 status half-installed python3-eventlet:all 0.33.1-4
2025-02-02 16:13:34 status config-files python3-eventlet:all 0.33.1-4
2025-02-02 16:13:34 status not-installed python3-eventlet:all <none>
2025-02-02 16:13:34 status installed python3-greenlet:amd64 2.0.2-1
2025-02-02 16:13:34 remove python3-greenlet:amd64 2.0.2-1 <none>
2025-02-02 16:13:34 status half-configured python3-greenlet:amd64 2.0.2-1
2025-02-02 16:13:34 status half-installed python3-greenlet:amd64 2.0.2-1
2025-02-02 16:13:34 status config-files python3-greenlet:amd64 2.0.2-1
2025-02-02 16:13:34 status not-installed python3-greenlet:amd64 <none>
2025-02-02 16:13:34 status installed python3-itsdangerous:all 2.2.0-1
2025-02-02 16:13:34 remove python3-itsdangerous:all 2.2.0-1 <none>
2025-02-02 16:13:34 status half-configured python3-itsdangerous:all 2.2.0-1
2025-02-02 16:13:34 status half-installed python3-itsdangerous:all 2.2.0-1
2025-02-02 16:13:34 status config-files python3-itsdangerous:all 2.2.0-1
2025-02-02 16:13:34 status not-installed python3-itsdangerous:all <none>
2025-02-02 16:13:34 status installed python3-jinja2:all 3.1.2-1
2025-02-02 16:13:34 remove python3-jinja2:all 3.1.2-1 <none>
2025-02-02 16:13:34 status half-configured python3-jinja2:all 3.1.2-1
2025-02-02 16:13:34 status half-installed python3-jinja2:all 3.1.2-1
2025-02-02 16:13:34 status config-files python3-jinja2:all 3.1.2-1
2025-02-02 16:13:34 status not-installed python3-jinja2:all <none>
2025-02-02 16:13:34 status installed python3-werkzeug:all 3.1.3-2
2025-02-02 16:13:34 remove python3-werkzeug:all 3.1.3-2 <none>
2025-02-02 16:13:34 status half-configured python3-werkzeug:all 3.1.3-2
2025-02-02 16:13:34 status half-installed python3-werkzeug:all 3.1.3-2
2025-02-02 16:13:34 status config-files python3-werkzeug:all 3.1.3-2
2025-02-02 16:13:34 status not-installed python3-werkzeug:all <none>
2025-02-02 16:13:34 status installed python3-markupsafe:amd64 2.1.2-1+b1
2025-02-02 16:13:34 remove python3-markupsafe:amd64 2.1.2-1+b1 <none>
2025-02-02 16:13:34 status half-configured python3-markupsafe:amd64 2.1.2-1+b1
2025-02-02 16:13:34 status half-installed python3-markupsafe:amd64 2.1.2-1+b1
2025-02-02 16:13:34 status config-files python3-markupsafe:amd64 2.1.2-1+b1
2025-02-02 16:13:34 status not-installed python3-markupsafe:amd64 <none>
2025-02-02 16:13:34 status installed python3-nacl:amd64 1.5.0-2
2025-02-02 16:13:34 remove python3-nacl:amd64 1.5.0-2 <none>
2025-02-02 16:13:34 status half-configured python3-nacl:amd64 1.5.0-2
2025-02-02 16:13:34 status half-installed python3-nacl:amd64 1.5.0-2
2025-02-02 16:13:34 status config-files python3-nacl:amd64 1.5.0-2
2025-02-02 16:13:34 status not-installed python3-nacl:amd64 <none>
2025-02-02 16:13:34 status installed python3-pexpect:all 4.8.0-4
2025-02-02 16:13:34 remove python3-pexpect:all 4.8.0-4 <none>
2025-02-02 16:13:34 status half-configured python3-pexpect:all 4.8.0-4
2025-02-02 16:13:34 status half-installed python3-pexpect:all 4.8.0-4
2025-02-02 16:13:35 status config-files python3-pexpect:all 4.8.0-4
2025-02-02 16:13:35 status not-installed python3-pexpect:all <none>
2025-02-02 16:13:35 status installed python3-pycparser:all 2.21-1
2025-02-02 16:13:35 remove python3-pycparser:all 2.21-1 <none>
2025-02-02 16:13:35 status half-configured python3-pycparser:all 2.21-1
2025-02-02 16:13:35 status half-installed python3-pycparser:all 2.21-1
2025-02-02 16:13:35 status config-files python3-pycparser:all 2.21-1
2025-02-02 16:13:35 status not-installed python3-pycparser:all <none>
2025-02-02 16:13:35 status installed python3-ply:all 3.11-5
2025-02-02 16:13:35 remove python3-ply:all 3.11-5 <none>
2025-02-02 16:13:35 status half-configured python3-ply:all 3.11-5
2025-02-02 16:13:35 status half-installed python3-ply:all 3.11-5
2025-02-02 16:13:35 status config-files python3-ply:all 3.11-5
2025-02-02 16:13:35 status not-installed python3-ply:all <none>
2025-02-02 16:13:35 status installed python3-ptyprocess:all 0.7.0-5
2025-02-02 16:13:35 remove python3-ptyprocess:all 0.7.0-5 <none>
2025-02-02 16:13:35 status half-configured python3-ptyprocess:all 0.7.0-5
2025-02-02 16:13:35 status half-installed python3-ptyprocess:all 0.7.0-5
2025-02-02 16:13:35 status config-files python3-ptyprocess:all 0.7.0-5
2025-02-02 16:13:35 status not-installed python3-ptyprocess:all <none>
2025-02-02 16:13:35 status installed python3-pyqt5.qtsql:amd64 5.15.9+dfsg-1
2025-02-02 16:13:35 remove python3-pyqt5.qtsql:amd64 5.15.9+dfsg-1 <none>
2025-02-02 16:13:35 status half-configured python3-pyqt5.qtsql:amd64 5.15.9+dfsg-1
2025-02-02 16:13:35 status half-installed python3-pyqt5.qtsql:amd64 5.15.9+dfsg-1
2025-02-02 16:13:35 status config-files python3-pyqt5.qtsql:amd64 5.15.9+dfsg-1
2025-02-02 16:13:35 status not-installed python3-pyqt5.qtsql:amd64 <none>
2025-02-02 16:13:35 status installed python3-pyqt5.qtsvg:amd64 5.15.9+dfsg-1
2025-02-02 16:13:35 remove python3-pyqt5.qtsvg:amd64 5.15.9+dfsg-1 <none>
2025-02-02 16:13:35 status half-configured python3-pyqt5.qtsvg:amd64 5.15.9+dfsg-1
2025-02-02 16:13:35 status half-installed python3-pyqt5.qtsvg:amd64 5.15.9+dfsg-1
2025-02-02 16:13:35 status config-files python3-pyqt5.qtsvg:amd64 5.15.9+dfsg-1
2025-02-02 16:13:35 status not-installed python3-pyqt5.qtsvg:amd64 <none>
2025-02-02 16:13:35 status installed python3-pyqt5.qttexttospeech:amd64 5.15.9+dfsg-1
2025-02-02 16:13:35 remove python3-pyqt5.qttexttospeech:amd64 5.15.9+dfsg-1 <none>
2025-02-02 16:13:35 status half-configured python3-pyqt5.qttexttospeech:amd64 5.15.9+dfsg-1
2025-02-02 16:13:35 status half-installed python3-pyqt5.qttexttospeech:amd64 5.15.9+dfsg-1
2025-02-02 16:13:35 status config-files python3-pyqt5.qttexttospeech:amd64 5.15.9+dfsg-1
2025-02-02 16:13:35 status not-installed python3-pyqt5.qttexttospeech:amd64 <none>
2025-02-02 16:13:35 status installed python3-reportlab:all 3.6.12-1+deb12u1
2025-02-02 16:13:35 remove python3-reportlab:all 3.6.12-1+deb12u1 <none>
2025-02-02 16:13:35 status half-configured python3-reportlab:all 3.6.12-1+deb12u1
2025-02-02 16:13:35 status half-installed python3-reportlab:all 3.6.12-1+deb12u1
2025-02-02 16:13:35 status config-files python3-reportlab:all 3.6.12-1+deb12u1
2025-02-02 16:13:35 status not-installed python3-reportlab:all <none>
2025-02-02 16:13:35 status installed python3-reportlab-accel:amd64 3.6.12-1+deb12u1
2025-02-02 16:13:35 remove python3-reportlab-accel:amd64 3.6.12-1+deb12u1 <none>
2025-02-02 16:13:35 status half-configured python3-reportlab-accel:amd64 3.6.12-1+deb12u1
2025-02-02 16:13:35 status half-installed python3-reportlab-accel:amd64 3.6.12-1+deb12u1
2025-02-02 16:13:35 status config-files python3-reportlab-accel:amd64 3.6.12-1+deb12u1
2025-02-02 16:13:35 status not-installed python3-reportlab-accel:amd64 <none>
2025-02-02 16:13:35 status installed python3-unidecode:all 1.3.6-1
2025-02-02 16:13:35 remove python3-unidecode:all 1.3.6-1 <none>
2025-02-02 16:13:35 status half-configured python3-unidecode:all 1.3.6-1
2025-02-02 16:13:35 status half-installed python3-unidecode:all 1.3.6-1
2025-02-02 16:13:35 status config-files python3-unidecode:all 1.3.6-1
2025-02-02 16:13:35 status not-installed python3-unidecode:all <none>
2025-02-02 16:13:35 status installed python3-waitress:all 2.1.2-2
2025-02-02 16:13:35 remove python3-waitress:all 2.1.2-2 <none>
2025-02-02 16:13:35 status half-configured python3-waitress:all 2.1.2-2
2025-02-02 16:13:35 status half-installed python3-waitress:all 2.1.2-2
2025-02-02 16:13:36 status config-files python3-waitress:all 2.1.2-2
2025-02-02 16:13:36 status not-installed python3-waitress:all <none>
2025-02-02 16:13:36 status installed python3-wheel:all 0.38.4-2
2025-02-02 16:13:36 remove python3-wheel:all 0.38.4-2 <none>
2025-02-02 16:13:36 status half-configured python3-wheel:all 0.38.4-2
2025-02-02 16:13:36 status half-installed python3-wheel:all 0.38.4-2
2025-02-02 16:13:36 status config-files python3-wheel:all 0.38.4-2
2025-02-02 16:13:36 status not-installed python3-wheel:all <none>
2025-02-02 16:13:36 status installed python3-zope.event:all 4.4-3
2025-02-02 16:13:36 remove python3-zope.event:all 4.4-3 <none>
2025-02-02 16:13:36 status half-configured python3-zope.event:all 4.4-3
2025-02-02 16:13:36 status half-installed python3-zope.event:all 4.4-3
2025-02-02 16:13:36 status config-files python3-zope.event:all 4.4-3
2025-02-02 16:13:36 status not-installed python3-zope.event:all <none>
2025-02-02 16:13:36 status installed python3-zope.interface:amd64 5.5.2-1+b1
2025-02-02 16:13:36 remove python3-zope.interface:amd64 5.5.2-1+b1 <none>
2025-02-02 16:13:36 status half-configured python3-zope.interface:amd64 5.5.2-1+b1
2025-02-02 16:13:36 status half-installed python3-zope.interface:amd64 5.5.2-1+b1
2025-02-02 16:13:36 status config-files python3-zope.interface:amd64 5.5.2-1+b1
2025-02-02 16:13:36 status not-installed python3-zope.interface:amd64 <none>
2025-02-02 16:13:36 startup packages configure
2025-02-02 16:13:36 trigproc man-db:amd64 2.11.2-2 <none>
2025-02-02 16:13:36 status half-configured man-db:amd64 2.11.2-2
2025-02-02 16:13:36 status installed man-db:amd64 2.11.2-2
2025-02-02 16:13:36 trigproc libc-bin:amd64 2.36-9+deb12u9 <none>
2025-02-02 16:13:36 status half-configured libc-bin:amd64 2.36-9+deb12u9
2025-02-02 16:13:37 status installed libc-bin:amd64 2.36-9+deb12u9
2025-02-02 16:14:08 startup archives unpack
2025-02-02 16:14:08 upgrade wget:amd64 1.21.3-1+b2 1.21.3-1+b2
2025-02-02 16:14:08 status half-configured wget:amd64 1.21.3-1+b2
2025-02-02 16:14:08 status unpacked wget:amd64 1.21.3-1+b2
2025-02-02 16:14:08 status half-installed wget:amd64 1.21.3-1+b2
2025-02-02 16:14:08 status triggers-pending man-db:amd64 2.11.2-2
2025-02-02 16:14:09 status unpacked wget:amd64 1.21.3-1+b2
2025-02-02 16:14:09 startup packages configure
2025-02-02 16:14:09 configure wget:amd64 1.21.3-1+b2 <none>
2025-02-02 16:14:09 status unpacked wget:amd64 1.21.3-1+b2
2025-02-02 16:14:09 status half-configured wget:amd64 1.21.3-1+b2
2025-02-02 16:14:09 status installed wget:amd64 1.21.3-1+b2
2025-02-02 16:14:10 trigproc man-db:amd64 2.11.2-2 <none>
2025-02-02 16:14:10 status half-configured man-db:amd64 2.11.2-2
2025-02-02 16:14:12 status installed man-db:amd64 2.11.2-2
2025-02-02 19:27:58 startup archives unpack
2025-02-02 19:27:59 install torsocks:amd64 2.4.0-1 2.4.0-1
2025-02-02 19:27:59 status half-installed torsocks:amd64 2.4.0-1
2025-02-02 19:27:59 status triggers-pending man-db:amd64 2.11.2-2
2025-02-02 19:27:59 status unpacked torsocks:amd64 2.4.0-1
2025-02-02 19:27:59 startup packages configure
2025-02-02 19:27:59 configure torsocks:amd64 2.4.0-1 <none>
2025-02-02 19:27:59 status unpacked torsocks:amd64 2.4.0-1
2025-02-02 19:27:59 status half-configured torsocks:amd64 2.4.0-1
2025-02-02 19:27:59 status installed torsocks:amd64 2.4.0-1
2025-02-02 19:27:59 trigproc man-db:amd64 2.11.2-2 <none>
2025-02-02 19:27:59 status half-configured man-db:amd64 2.11.2-2
2025-02-02 19:28:01 status installed man-db:amd64 2.11.2-2
2025-02-02 20:10:13 startup archives unpack
2025-02-02 20:10:13 upgrade tor:amd64 0.4.8.13-1~d12.bookworm+1 0.4.8.13-1~d12.bookworm+1
2025-02-02 20:10:13 status half-configured tor:amd64 0.4.8.13-1~d12.bookworm+1
2025-02-02 20:10:13 status unpacked tor:amd64 0.4.8.13-1~d12.bookworm+1
2025-02-02 20:10:13 status half-installed tor:amd64 0.4.8.13-1~d12.bookworm+1
2025-02-02 20:10:14 status triggers-pending man-db:amd64 2.11.2-2
2025-02-02 20:10:14 status unpacked tor:amd64 0.4.8.13-1~d12.bookworm+1
2025-02-02 20:10:14 startup packages configure
2025-02-02 20:10:14 configure tor:amd64 0.4.8.13-1~d12.bookworm+1 <none>
2025-02-02 20:10:14 status unpacked tor:amd64 0.4.8.13-1~d12.bookworm+1
2025-02-02 20:10:14 status half-configured tor:amd64 0.4.8.13-1~d12.bookworm+1
2025-02-02 20:10:16 status installed tor:amd64 0.4.8.13-1~d12.bookworm+1
2025-02-02 20:10:16 trigproc man-db:amd64 2.11.2-2 <none>
2025-02-02 20:10:16 status half-configured man-db:amd64 2.11.2-2
2025-02-02 20:10:17 status installed man-db:amd64 2.11.2-2
2025-02-02 20:12:30 startup archives unpack
2025-02-02 20:12:30 install python3-wheel:all <none> 0.38.4-2
2025-02-02 20:12:30 status half-installed python3-wheel:all 0.38.4-2
2025-02-02 20:12:30 status unpacked python3-wheel:all 0.38.4-2
2025-02-02 20:12:30 startup packages configure
2025-02-02 20:12:30 configure python3-wheel:all 0.38.4-2 <none>
2025-02-02 20:12:30 status unpacked python3-wheel:all 0.38.4-2
2025-02-02 20:12:30 status half-configured python3-wheel:all 0.38.4-2
2025-02-02 20:12:30 status installed python3-wheel:all 0.38.4-2
2025-02-02 20:12:55 startup packages remove
2025-02-02 20:12:55 status installed python3-wheel:all 0.38.4-2
2025-02-02 20:12:55 remove python3-wheel:all 0.38.4-2 <none>
2025-02-02 20:12:55 status half-configured python3-wheel:all 0.38.4-2
2025-02-02 20:12:55 status half-installed python3-wheel:all 0.38.4-2
2025-02-02 20:12:55 status config-files python3-wheel:all 0.38.4-2
2025-02-02 20:12:55 status not-installed python3-wheel:all <none>
2025-02-02 20:12:55 startup packages configure
                                                                                                                                                                                                                                                                                                                                                                                                                                                                                                                                                                                                                                                                           2025-02-04 16:35:09 startup archives unpack
2025-02-04 16:35:09 install binutils-common:amd64 <none> 2.40-2
2025-02-04 16:35:09 status half-installed binutils-common:amd64 2.40-2
2025-02-04 16:35:09 status triggers-pending man-db:amd64 2.11.2-2
2025-02-04 16:35:09 status unpacked binutils-common:amd64 2.40-2
2025-02-04 16:35:09 install libbinutils:amd64 <none> 2.40-2
2025-02-04 16:35:09 status triggers-pending libc-bin:amd64 2.36-9+deb12u9
2025-02-04 16:35:09 status half-installed libbinutils:amd64 2.40-2
2025-02-04 16:35:10 status unpacked libbinutils:amd64 2.40-2
2025-02-04 16:35:10 install libctf-nobfd0:amd64 <none> 2.40-2
2025-02-04 16:35:10 status half-installed libctf-nobfd0:amd64 2.40-2
2025-02-04 16:35:10 status unpacked libctf-nobfd0:amd64 2.40-2
2025-02-04 16:35:10 install libctf0:amd64 <none> 2.40-2
2025-02-04 16:35:10 status half-installed libctf0:amd64 2.40-2
2025-02-04 16:35:10 status unpacked libctf0:amd64 2.40-2
2025-02-04 16:35:10 install libgprofng0:amd64 <none> 2.40-2
2025-02-04 16:35:10 status half-installed libgprofng0:amd64 2.40-2
2025-02-04 16:35:10 status unpacked libgprofng0:amd64 2.40-2
2025-02-04 16:35:10 install binutils-x86-64-linux-gnu:amd64 <none> 2.40-2
2025-02-04 16:35:10 status half-installed binutils-x86-64-linux-gnu:amd64 2.40-2
2025-02-04 16:35:10 status unpacked binutils-x86-64-linux-gnu:amd64 2.40-2
2025-02-04 16:35:10 install binutils:amd64 <none> 2.40-2
2025-02-04 16:35:10 status half-installed binutils:amd64 2.40-2
2025-02-04 16:35:10 status unpacked binutils:amd64 2.40-2
2025-02-04 16:35:10 install libc-dev-bin:amd64 <none> 2.36-9+deb12u9
2025-02-04 16:35:10 status half-installed libc-dev-bin:amd64 2.36-9+deb12u9
2025-02-04 16:35:10 status unpacked libc-dev-bin:amd64 2.36-9+deb12u9
2025-02-04 16:35:10 install linux-libc-dev:amd64 <none> 6.1.119-1
2025-02-04 16:35:10 status half-installed linux-libc-dev:amd64 6.1.119-1
2025-02-04 16:35:11 status unpacked linux-libc-dev:amd64 6.1.119-1
2025-02-04 16:35:11 install libcrypt-dev:amd64 <none> 1:4.4.33-2
2025-02-04 16:35:11 status half-installed libcrypt-dev:amd64 1:4.4.33-2
2025-02-04 16:35:11 status unpacked libcrypt-dev:amd64 1:4.4.33-2
2025-02-04 16:35:11 install libtirpc-dev:amd64 <none> 1.3.3+ds-1
2025-02-04 16:35:11 status half-installed libtirpc-dev:amd64 1.3.3+ds-1
2025-02-04 16:35:11 status unpacked libtirpc-dev:amd64 1.3.3+ds-1
2025-02-04 16:35:11 install libnsl-dev:amd64 <none> 1.3.0-2
2025-02-04 16:35:11 status half-installed libnsl-dev:amd64 1.3.0-2
2025-02-04 16:35:11 status unpacked libnsl-dev:amd64 1.3.0-2
2025-02-04 16:35:11 install rpcsvc-proto:amd64 <none> 1.4.3-1
2025-02-04 16:35:11 status half-installed rpcsvc-proto:amd64 1.4.3-1
2025-02-04 16:35:11 status unpacked rpcsvc-proto:amd64 1.4.3-1
2025-02-04 16:35:11 install libc6-dev:amd64 <none> 2.36-9+deb12u9
2025-02-04 16:35:11 status half-installed libc6-dev:amd64 2.36-9+deb12u9
2025-02-04 16:35:12 status unpacked libc6-dev:amd64 2.36-9+deb12u9
2025-02-04 16:35:12 install libcc1-0:amd64 <none> 12.2.0-14
2025-02-04 16:35:12 status half-installed libcc1-0:amd64 12.2.0-14
2025-02-04 16:35:12 status unpacked libcc1-0:amd64 12.2.0-14
2025-02-04 16:35:12 install libitm1:amd64 <none> 12.2.0-14
2025-02-04 16:35:12 status half-installed libitm1:amd64 12.2.0-14
2025-02-04 16:35:12 status unpacked libitm1:amd64 12.2.0-14
2025-02-04 16:35:12 install libasan8:amd64 <none> 12.2.0-14
2025-02-04 16:35:12 status half-installed libasan8:amd64 12.2.0-14
2025-02-04 16:35:12 status unpacked libasan8:amd64 12.2.0-14
2025-02-04 16:35:12 install liblsan0:amd64 <none> 12.2.0-14
2025-02-04 16:35:12 status half-installed liblsan0:amd64 12.2.0-14
2025-02-04 16:35:12 status unpacked liblsan0:amd64 12.2.0-14
2025-02-04 16:35:12 install libtsan2:amd64 <none> 12.2.0-14
2025-02-04 16:35:12 status half-installed libtsan2:amd64 12.2.0-14
2025-02-04 16:35:13 status unpacked libtsan2:amd64 12.2.0-14
2025-02-04 16:35:13 install libubsan1:amd64 <none> 12.2.0-14
2025-02-04 16:35:13 status half-installed libubsan1:amd64 12.2.0-14
2025-02-04 16:35:13 status unpacked libubsan1:amd64 12.2.0-14
2025-02-04 16:35:13 install libgcc-12-dev:amd64 <none> 12.2.0-14
2025-02-04 16:35:13 status half-installed libgcc-12-dev:amd64 12.2.0-14
2025-02-04 16:35:13 status unpacked libgcc-12-dev:amd64 12.2.0-14
2025-02-04 16:35:13 install gcc-12:amd64 <none> 12.2.0-14
2025-02-04 16:35:13 status half-installed gcc-12:amd64 12.2.0-14
2025-02-04 16:35:14 status unpacked gcc-12:amd64 12.2.0-14
2025-02-04 16:35:14 install gcc:amd64 <none> 4:12.2.0-3
2025-02-04 16:35:14 status half-installed gcc:amd64 4:12.2.0-3
2025-02-04 16:35:14 status unpacked gcc:amd64 4:12.2.0-3
2025-02-04 16:35:14 install libstdc++-12-dev:amd64 <none> 12.2.0-14
2025-02-04 16:35:14 status half-installed libstdc++-12-dev:amd64 12.2.0-14
2025-02-04 16:35:15 status unpacked libstdc++-12-dev:amd64 12.2.0-14
2025-02-04 16:35:15 install g++-12:amd64 <none> 12.2.0-14
2025-02-04 16:35:15 status half-installed g++-12:amd64 12.2.0-14
2025-02-04 16:35:16 status unpacked g++-12:amd64 12.2.0-14
2025-02-04 16:35:16 install g++:amd64 <none> 4:12.2.0-3
2025-02-04 16:35:16 status half-installed g++:amd64 4:12.2.0-3
2025-02-04 16:35:16 status unpacked g++:amd64 4:12.2.0-3
2025-02-04 16:35:16 install make:amd64 <none> 4.3-4.1
2025-02-04 16:35:16 status half-installed make:amd64 4.3-4.1
2025-02-04 16:35:16 status unpacked make:amd64 4.3-4.1
2025-02-04 16:35:16 install dpkg-dev:all <none> 1.21.22
2025-02-04 16:35:16 status half-installed dpkg-dev:all 1.21.22
2025-02-04 16:35:16 status unpacked dpkg-dev:all 1.21.22
2025-02-04 16:35:16 install build-essential:amd64 <none> 12.9
2025-02-04 16:35:16 status half-installed build-essential:amd64 12.9
2025-02-04 16:35:16 status unpacked build-essential:amd64 12.9
2025-02-04 16:35:16 startup packages configure
2025-02-04 16:35:16 configure binutils-common:amd64 2.40-2 <none>
2025-02-04 16:35:16 status unpacked binutils-common:amd64 2.40-2
2025-02-04 16:35:16 status half-configured binutils-common:amd64 2.40-2
2025-02-04 16:35:16 status installed binutils-common:amd64 2.40-2
2025-02-04 16:35:16 configure linux-libc-dev:amd64 6.1.119-1 <none>
2025-02-04 16:35:16 status unpacked linux-libc-dev:amd64 6.1.119-1
2025-02-04 16:35:16 status half-configured linux-libc-dev:amd64 6.1.119-1
2025-02-04 16:35:16 status installed linux-libc-dev:amd64 6.1.119-1
2025-02-04 16:35:16 configure libctf-nobfd0:amd64 2.40-2 <none>
2025-02-04 16:35:16 status unpacked libctf-nobfd0:amd64 2.40-2
2025-02-04 16:35:16 status half-configured libctf-nobfd0:amd64 2.40-2
2025-02-04 16:35:16 status installed libctf-nobfd0:amd64 2.40-2
2025-02-04 16:35:16 configure libtirpc-dev:amd64 1.3.3+ds-1 <none>
2025-02-04 16:35:16 status unpacked libtirpc-dev:amd64 1.3.3+ds-1
2025-02-04 16:35:16 status half-configured libtirpc-dev:amd64 1.3.3+ds-1
2025-02-04 16:35:16 status installed libtirpc-dev:amd64 1.3.3+ds-1
2025-02-04 16:35:16 configure rpcsvc-proto:amd64 1.4.3-1 <none>
2025-02-04 16:35:16 status unpacked rpcsvc-proto:amd64 1.4.3-1
2025-02-04 16:35:16 status half-configured rpcsvc-proto:amd64 1.4.3-1
2025-02-04 16:35:16 status installed rpcsvc-proto:amd64 1.4.3-1
2025-02-04 16:35:16 configure make:amd64 4.3-4.1 <none>
2025-02-04 16:35:16 status unpacked make:amd64 4.3-4.1
2025-02-04 16:35:16 status half-configured make:amd64 4.3-4.1
2025-02-04 16:35:16 status installed make:amd64 4.3-4.1
2025-02-04 16:35:16 configure libubsan1:amd64 12.2.0-14 <none>
2025-02-04 16:35:16 status unpacked libubsan1:amd64 12.2.0-14
2025-02-04 16:35:16 status half-configured libubsan1:amd64 12.2.0-14
2025-02-04 16:35:16 status installed libubsan1:amd64 12.2.0-14
2025-02-04 16:35:16 configure libnsl-dev:amd64 1.3.0-2 <none>
2025-02-04 16:35:16 status unpacked libnsl-dev:amd64 1.3.0-2
2025-02-04 16:35:16 status half-configured libnsl-dev:amd64 1.3.0-2
2025-02-04 16:35:16 status installed libnsl-dev:amd64 1.3.0-2
2025-02-04 16:35:16 configure libcrypt-dev:amd64 1:4.4.33-2 <none>
2025-02-04 16:35:16 status unpacked libcrypt-dev:amd64 1:4.4.33-2
2025-02-04 16:35:16 status half-configured libcrypt-dev:amd64 1:4.4.33-2
2025-02-04 16:35:16 status installed libcrypt-dev:amd64 1:4.4.33-2
2025-02-04 16:35:16 configure libasan8:amd64 12.2.0-14 <none>
2025-02-04 16:35:16 status unpacked libasan8:amd64 12.2.0-14
2025-02-04 16:35:16 status half-configured libasan8:amd64 12.2.0-14
2025-02-04 16:35:16 status installed libasan8:amd64 12.2.0-14
2025-02-04 16:35:16 configure libtsan2:amd64 12.2.0-14 <none>
2025-02-04 16:35:16 status unpacked libtsan2:amd64 12.2.0-14
2025-02-04 16:35:16 status half-configured libtsan2:amd64 12.2.0-14
2025-02-04 16:35:16 status installed libtsan2:amd64 12.2.0-14
2025-02-04 16:35:16 configure libbinutils:amd64 2.40-2 <none>
2025-02-04 16:35:16 status unpacked libbinutils:amd64 2.40-2
2025-02-04 16:35:16 status half-configured libbinutils:amd64 2.40-2
2025-02-04 16:35:16 status installed libbinutils:amd64 2.40-2
2025-02-04 16:35:16 configure libc-dev-bin:amd64 2.36-9+deb12u9 <none>
2025-02-04 16:35:16 status unpacked libc-dev-bin:amd64 2.36-9+deb12u9
2025-02-04 16:35:16 status half-configured libc-dev-bin:amd64 2.36-9+deb12u9
2025-02-04 16:35:16 status installed libc-dev-bin:amd64 2.36-9+deb12u9
2025-02-04 16:35:16 configure libcc1-0:amd64 12.2.0-14 <none>
2025-02-04 16:35:16 status unpacked libcc1-0:amd64 12.2.0-14
2025-02-04 16:35:16 status half-configured libcc1-0:amd64 12.2.0-14
2025-02-04 16:35:16 status installed libcc1-0:amd64 12.2.0-14
2025-02-04 16:35:16 configure liblsan0:amd64 12.2.0-14 <none>
2025-02-04 16:35:16 status unpacked liblsan0:amd64 12.2.0-14
2025-02-04 16:35:16 status half-configured liblsan0:amd64 12.2.0-14
2025-02-04 16:35:16 status installed liblsan0:amd64 12.2.0-14
2025-02-04 16:35:16 configure libitm1:amd64 12.2.0-14 <none>
2025-02-04 16:35:16 status unpacked libitm1:amd64 12.2.0-14
2025-02-04 16:35:16 status half-configured libitm1:amd64 12.2.0-14
2025-02-04 16:35:16 status installed libitm1:amd64 12.2.0-14
2025-02-04 16:35:16 configure libctf0:amd64 2.40-2 <none>
2025-02-04 16:35:16 status unpacked libctf0:amd64 2.40-2
2025-02-04 16:35:16 status half-configured libctf0:amd64 2.40-2
2025-02-04 16:35:16 status installed libctf0:amd64 2.40-2
2025-02-04 16:35:16 configure libgprofng0:amd64 2.40-2 <none>
2025-02-04 16:35:16 status unpacked libgprofng0:amd64 2.40-2
2025-02-04 16:35:16 status half-configured libgprofng0:amd64 2.40-2
2025-02-04 16:35:16 status installed libgprofng0:amd64 2.40-2
2025-02-04 16:35:16 configure libgcc-12-dev:amd64 12.2.0-14 <none>
2025-02-04 16:35:16 status unpacked libgcc-12-dev:amd64 12.2.0-14
2025-02-04 16:35:17 status half-configured libgcc-12-dev:amd64 12.2.0-14
2025-02-04 16:35:17 status installed libgcc-12-dev:amd64 12.2.0-14
2025-02-04 16:35:17 configure libc6-dev:amd64 2.36-9+deb12u9 <none>
2025-02-04 16:35:17 status unpacked libc6-dev:amd64 2.36-9+deb12u9
2025-02-04 16:35:17 status half-configured libc6-dev:amd64 2.36-9+deb12u9
2025-02-04 16:35:17 status installed libc6-dev:amd64 2.36-9+deb12u9
2025-02-04 16:35:17 configure binutils-x86-64-linux-gnu:amd64 2.40-2 <none>
2025-02-04 16:35:17 status unpacked binutils-x86-64-linux-gnu:amd64 2.40-2
2025-02-04 16:35:17 status half-configured binutils-x86-64-linux-gnu:amd64 2.40-2
2025-02-04 16:35:17 status installed binutils-x86-64-linux-gnu:amd64 2.40-2
2025-02-04 16:35:17 configure libstdc++-12-dev:amd64 12.2.0-14 <none>
2025-02-04 16:35:17 status unpacked libstdc++-12-dev:amd64 12.2.0-14
2025-02-04 16:35:17 status half-configured libstdc++-12-dev:amd64 12.2.0-14
2025-02-04 16:35:17 status installed libstdc++-12-dev:amd64 12.2.0-14
2025-02-04 16:35:17 configure binutils:amd64 2.40-2 <none>
2025-02-04 16:35:17 status unpacked binutils:amd64 2.40-2
2025-02-04 16:35:17 status half-configured binutils:amd64 2.40-2
2025-02-04 16:35:17 status installed binutils:amd64 2.40-2
2025-02-04 16:35:17 configure dpkg-dev:all 1.21.22 <none>
2025-02-04 16:35:17 status unpacked dpkg-dev:all 1.21.22
2025-02-04 16:35:17 status half-configured dpkg-dev:all 1.21.22
2025-02-04 16:35:17 status installed dpkg-dev:all 1.21.22
2025-02-04 16:35:17 configure gcc-12:amd64 12.2.0-14 <none>
2025-02-04 16:35:17 status unpacked gcc-12:amd64 12.2.0-14
2025-02-04 16:35:17 status half-configured gcc-12:amd64 12.2.0-14
2025-02-04 16:35:17 status installed gcc-12:amd64 12.2.0-14
2025-02-04 16:35:17 configure g++-12:amd64 12.2.0-14 <none>
2025-02-04 16:35:17 status unpacked g++-12:amd64 12.2.0-14
2025-02-04 16:35:17 status half-configured g++-12:amd64 12.2.0-14
2025-02-04 16:35:17 status installed g++-12:amd64 12.2.0-14
2025-02-04 16:35:17 configure gcc:amd64 4:12.2.0-3 <none>
2025-02-04 16:35:17 status unpacked gcc:amd64 4:12.2.0-3
2025-02-04 16:35:17 status half-configured gcc:amd64 4:12.2.0-3
2025-02-04 16:35:17 status installed gcc:amd64 4:12.2.0-3
2025-02-04 16:35:17 configure g++:amd64 4:12.2.0-3 <none>
2025-02-04 16:35:17 status unpacked g++:amd64 4:12.2.0-3
2025-02-04 16:35:17 status half-configured g++:amd64 4:12.2.0-3
2025-02-04 16:35:17 status installed g++:amd64 4:12.2.0-3
2025-02-04 16:35:17 configure build-essential:amd64 12.9 <none>
2025-02-04 16:35:17 status unpacked build-essential:amd64 12.9
2025-02-04 16:35:17 status half-configured build-essential:amd64 12.9
2025-02-04 16:35:17 status installed build-essential:amd64 12.9
2025-02-04 16:35:17 trigproc man-db:amd64 2.11.2-2 <none>
2025-02-04 16:35:17 status half-configured man-db:amd64 2.11.2-2
2025-02-04 16:35:19 status installed man-db:amd64 2.11.2-2
2025-02-04 16:35:19 trigproc libc-bin:amd64 2.36-9+deb12u9 <none>
2025-02-04 16:35:19 status half-configured libc-bin:amd64 2.36-9+deb12u9
2025-02-04 16:35:22 status installed libc-bin:amd64 2.36-9+deb12u9
2025-02-04 16:45:00 startup archives unpack
2025-02-04 16:45:00 upgrade libwrap0:amd64 7.6.q-32 7.6.q-35
2025-02-04 16:45:00 status triggers-pending libc-bin:amd64 2.36-9+deb12u9
2025-02-04 16:45:00 status half-configured libwrap0:amd64 7.6.q-32
2025-02-04 16:45:00 status unpacked libwrap0:amd64 7.6.q-32
2025-02-04 16:45:00 status half-installed libwrap0:amd64 7.6.q-32
2025-02-04 16:45:00 status triggers-pending man-db:amd64 2.11.2-2
2025-02-04 16:45:00 status unpacked libwrap0:amd64 7.6.q-35
2025-02-04 16:45:00 install libwrap0-dev:amd64 <none> 7.6.q-35
2025-02-04 16:45:00 status half-installed libwrap0-dev:amd64 7.6.q-35
2025-02-04 16:45:00 status unpacked libwrap0-dev:amd64 7.6.q-35
2025-02-04 16:45:00 startup packages configure
2025-02-04 16:45:00 configure libwrap0:amd64 7.6.q-35 <none>
2025-02-04 16:45:00 status unpacked libwrap0:amd64 7.6.q-35
2025-02-04 16:45:00 status half-configured libwrap0:amd64 7.6.q-35
2025-02-04 16:45:00 status installed libwrap0:amd64 7.6.q-35
2025-02-04 16:45:00 configure libwrap0-dev:amd64 7.6.q-35 <none>
2025-02-04 16:45:00 status unpacked libwrap0-dev:amd64 7.6.q-35
2025-02-04 16:45:00 status half-configured libwrap0-dev:amd64 7.6.q-35
2025-02-04 16:45:00 status installed libwrap0-dev:amd64 7.6.q-35
2025-02-04 16:45:00 trigproc man-db:amd64 2.11.2-2 <none>
2025-02-04 16:45:00 status half-configured man-db:amd64 2.11.2-2
2025-02-04 16:45:01 status installed man-db:amd64 2.11.2-2
2025-02-04 16:45:01 trigproc libc-bin:amd64 2.36-9+deb12u9 <none>
2025-02-04 16:45:01 status half-configured libc-bin:amd64 2.36-9+deb12u9
2025-02-04 16:45:01 status installed libc-bin:amd64 2.36-9+deb12u9
2025-02-04 16:49:41 startup archives unpack
2025-02-04 16:49:41 upgrade base-files:amd64 12.4+deb12u8 1:2024.4.1
2025-02-04 16:49:41 status half-configured base-files:amd64 12.4+deb12u8
2025-02-04 16:49:41 status unpacked base-files:amd64 12.4+deb12u8
2025-02-04 16:49:41 status half-installed base-files:amd64 12.4+deb12u8
2025-02-04 16:49:41 status triggers-pending cracklib-runtime:amd64 2.9.6-5+b1
2025-02-04 16:49:41 status triggers-pending man-db:amd64 2.11.2-2
2025-02-04 16:49:42 status unpacked base-files:amd64 1:2024.4.1
2025-02-04 16:49:42 startup packages configure
2025-02-04 16:49:42 configure base-files:amd64 1:2024.4.1 <none>
2025-02-04 16:49:42 status unpacked base-files:amd64 1:2024.4.1
2025-02-04 16:49:42 status half-configured base-files:amd64 1:2024.4.1
2025-02-04 16:49:42 status installed base-files:amd64 1:2024.4.1
2025-02-04 16:49:42 startup archives unpack
2025-02-04 16:49:42 upgrade libc-l10n:all 2.36-9+deb12u9 2.40-3
2025-02-04 16:49:42 status half-configured libc-l10n:all 2.36-9+deb12u9
2025-02-04 16:49:42 status unpacked libc-l10n:all 2.36-9+deb12u9
2025-02-04 16:49:42 status half-installed libc-l10n:all 2.36-9+deb12u9
2025-02-04 16:49:42 status unpacked libc-l10n:all 2.40-3
2025-02-04 16:49:42 upgrade libzstd1:amd64 1.5.4+dfsg2-5 1.5.6+dfsg-2
2025-02-04 16:49:42 status triggers-pending libc-bin:amd64 2.36-9+deb12u9
2025-02-04 16:49:42 status half-configured libzstd1:amd64 1.5.4+dfsg2-5
2025-02-04 16:49:42 status unpacked libzstd1:amd64 1.5.4+dfsg2-5
2025-02-04 16:49:42 status half-installed libzstd1:amd64 1.5.4+dfsg2-5
2025-02-04 16:49:42 status unpacked libzstd1:amd64 1.5.6+dfsg-2
2025-02-04 16:49:42 startup packages configure
2025-02-04 16:49:42 configure libzstd1:amd64 1.5.6+dfsg-2 <none>
2025-02-04 16:49:42 status unpacked libzstd1:amd64 1.5.6+dfsg-2
2025-02-04 16:49:42 status half-configured libzstd1:amd64 1.5.6+dfsg-2
2025-02-04 16:49:42 status installed libzstd1:amd64 1.5.6+dfsg-2
2025-02-04 16:49:42 startup archives unpack
2025-02-04 16:49:42 upgrade openssh-client:amd64 1:9.2p1-2+deb12u3 1:9.9p1-3
2025-02-04 16:49:42 status half-configured openssh-client:amd64 1:9.2p1-2+deb12u3
2025-02-04 16:49:42 status unpacked openssh-client:amd64 1:9.2p1-2+deb12u3
2025-02-04 16:49:42 status half-installed openssh-client:amd64 1:9.2p1-2+deb12u3
2025-02-04 16:49:42 status unpacked openssh-client:amd64 1:9.9p1-3
2025-02-04 16:49:42 upgrade openssl:amd64 3.0.15-1~deb12u1 3.4.0-2
2025-02-04 16:49:42 status half-configured openssl:amd64 3.0.15-1~deb12u1
2025-02-04 16:49:42 status unpacked openssl:amd64 3.0.15-1~deb12u1
2025-02-04 16:49:42 status half-installed openssl:amd64 3.0.15-1~deb12u1
2025-02-04 16:49:43 status unpacked openssl:amd64 3.4.0-2
2025-02-04 16:49:43 startup packages remove
2025-02-04 16:49:43 status installed libssl3:amd64 3.0.15-1~deb12u1
2025-02-04 16:49:43 remove libssl3:amd64 3.0.15-1~deb12u1 <none>
2025-02-04 16:49:43 status half-configured libssl3:amd64 3.0.15-1~deb12u1
2025-02-04 16:49:43 status half-installed libssl3:amd64 3.0.15-1~deb12u1
2025-02-04 16:49:43 status config-files libssl3:amd64 3.0.15-1~deb12u1
2025-02-04 16:49:43 status not-installed libssl3:amd64 <none>
2025-02-04 16:49:43 startup archives unpack
2025-02-04 16:49:43 install openssl-provider-legacy:amd64 <none> 3.4.0-2
2025-02-04 16:49:43 status half-installed openssl-provider-legacy:amd64 3.4.0-2
2025-02-04 16:49:43 status unpacked openssl-provider-legacy:amd64 3.4.0-2
2025-02-04 16:49:43 install libssl3t64:amd64 <none> 3.4.0-2
2025-02-04 16:49:43 status half-installed libssl3t64:amd64 3.4.0-2
2025-02-04 16:49:43 status unpacked libssl3t64:amd64 3.4.0-2
2025-02-04 16:49:43 upgrade locales:all 2.36-9+deb12u9 2.40-3
2025-02-04 16:49:43 status half-configured locales:all 2.36-9+deb12u9
2025-02-04 16:49:43 status unpacked locales:all 2.36-9+deb12u9
2025-02-04 16:49:43 status half-installed locales:all 2.36-9+deb12u9
2025-02-04 16:49:44 status unpacked locales:all 2.40-3
2025-02-04 16:49:44 upgrade libc6:amd64 2.36-9+deb12u9 2.40-3
2025-02-04 16:49:44 status half-configured libc6:amd64 2.36-9+deb12u9
2025-02-04 16:49:44 status unpacked libc6:amd64 2.36-9+deb12u9
2025-02-04 16:49:44 status half-configured systemd:amd64 252.31-1~deb12u1
2025-02-04 16:49:44 status half-installed libc6:amd64 2.36-9+deb12u9
2025-02-04 16:49:45 status unpacked libc6:amd64 2.40-3
2025-02-04 16:49:45 startup packages configure
2025-02-04 16:49:45 configure libc6:amd64 2.40-3 <none>
2025-02-04 16:49:45 status unpacked libc6:amd64 2.40-3
2025-02-04 16:49:45 status half-configured libc6:amd64 2.40-3
2025-02-04 16:49:45 status installed libc6:amd64 2.40-3
2025-02-04 16:49:45 startup archives unpack
2025-02-04 16:49:45 upgrade libc-bin:amd64 2.36-9+deb12u9 2.40-3
2025-02-04 16:49:45 status half-configured libc-bin:amd64 2.36-9+deb12u9
2025-02-04 16:49:45 status unpacked libc-bin:amd64 2.36-9+deb12u9
2025-02-04 16:49:45 status half-installed libc-bin:amd64 2.36-9+deb12u9
2025-02-04 16:49:45 status unpacked libc-bin:amd64 2.40-3
2025-02-04 16:49:45 startup packages configure
2025-02-04 16:49:45 configure libc-bin:amd64 2.40-3 <none>
2025-02-04 16:49:45 status unpacked libc-bin:amd64 2.40-3
2025-02-04 16:49:45 status half-configured libc-bin:amd64 2.40-3
2025-02-04 16:49:45 status installed libc-bin:amd64 2.40-3
2025-02-04 16:49:45 startup archives unpack
2025-02-04 16:49:46 upgrade libsystemd-shared:amd64 252.31-1~deb12u1 257.2-3
2025-02-04 16:49:46 status half-configured libsystemd-shared:amd64 252.31-1~deb12u1
2025-02-04 16:49:46 status unpacked libsystemd-shared:amd64 252.31-1~deb12u1
2025-02-04 16:49:46 status half-installed libsystemd-shared:amd64 252.31-1~deb12u1
2025-02-04 16:49:46 status unpacked libsystemd-shared:amd64 257.2-3
2025-02-04 16:49:46 startup packages configure
2025-02-04 16:49:46 configure openssl-provider-legacy:amd64 3.4.0-2 <none>
2025-02-04 16:49:46 status unpacked openssl-provider-legacy:amd64 3.4.0-2
2025-02-04 16:49:46 status half-configured openssl-provider-legacy:amd64 3.4.0-2
2025-02-04 16:49:46 status installed openssl-provider-legacy:amd64 3.4.0-2
2025-02-04 16:49:46 configure libssl3t64:amd64 3.4.0-2 <none>
2025-02-04 16:49:46 status triggers-pending libc-bin:amd64 2.40-3
2025-02-04 16:49:46 status unpacked libssl3t64:amd64 3.4.0-2
2025-02-04 16:49:46 status half-configured libssl3t64:amd64 3.4.0-2
2025-02-04 16:49:46 status installed libssl3t64:amd64 3.4.0-2
2025-02-04 16:49:46 configure libsystemd-shared:amd64 257.2-3 <none>
2025-02-04 16:49:46 status unpacked libsystemd-shared:amd64 257.2-3
2025-02-04 16:49:46 status half-configured libsystemd-shared:amd64 257.2-3
2025-02-04 16:49:46 status installed libsystemd-shared:amd64 257.2-3
2025-02-04 16:49:46 startup archives unpack
2025-02-04 16:49:46 upgrade systemd:amd64 252.31-1~deb12u1 257.2-3
2025-02-04 16:49:46 status half-configured systemd:amd64 252.31-1~deb12u1
2025-02-04 16:49:46 status unpacked systemd:amd64 252.31-1~deb12u1
2025-02-04 16:49:46 status half-installed systemd:amd64 252.31-1~deb12u1
2025-02-04 16:49:46 status triggers-pending dbus:amd64 1.14.10-1~deb12u1
2025-02-04 16:49:46 status triggers-pending shared-mime-info:amd64 2.2-1
2025-02-04 16:49:47 status unpacked systemd:amd64 257.2-3
2025-02-04 16:49:47 upgrade systemd-timesyncd:amd64 252.31-1~deb12u1 257.2-3
2025-02-04 16:49:47 status half-configured systemd-timesyncd:amd64 252.31-1~deb12u1
2025-02-04 16:49:47 status unpacked systemd-timesyncd:amd64 252.31-1~deb12u1
2025-02-04 16:49:47 status half-installed systemd-timesyncd:amd64 252.31-1~deb12u1
2025-02-04 16:49:47 status unpacked systemd-timesyncd:amd64 257.2-3
2025-02-04 16:49:47 upgrade systemd-oomd:amd64 252.31-1~deb12u1 257.2-3
2025-02-04 16:49:47 status half-configured systemd-oomd:amd64 252.31-1~deb12u1
2025-02-04 16:49:47 status unpacked systemd-oomd:amd64 252.31-1~deb12u1
2025-02-04 16:49:47 status half-installed systemd-oomd:amd64 252.31-1~deb12u1
2025-02-04 16:49:47 status unpacked systemd-oomd:amd64 257.2-3
2025-02-04 16:49:47 upgrade libsystemd0:amd64 252.31-1~deb12u1 257.2-3
2025-02-04 16:49:47 status half-configured libsystemd0:amd64 252.31-1~deb12u1
2025-02-04 16:49:47 status unpacked libsystemd0:amd64 252.31-1~deb12u1
2025-02-04 16:49:47 status half-installed libsystemd0:amd64 252.31-1~deb12u1
2025-02-04 16:49:47 status unpacked libsystemd0:amd64 257.2-3
2025-02-04 16:49:47 startup packages configure
2025-02-04 16:49:47 configure libsystemd0:amd64 257.2-3 <none>
2025-02-04 16:49:47 status unpacked libsystemd0:amd64 257.2-3
2025-02-04 16:49:47 status half-configured libsystemd0:amd64 257.2-3
2025-02-04 16:49:47 status installed libsystemd0:amd64 257.2-3
2025-02-04 16:49:47 startup archives unpack
2025-02-04 16:49:47 upgrade libnss-systemd:amd64 252.31-1~deb12u1 257.2-3
2025-02-04 16:49:47 status half-configured libnss-systemd:amd64 252.31-1~deb12u1
2025-02-04 16:49:47 status unpacked libnss-systemd:amd64 252.31-1~deb12u1
2025-02-04 16:49:47 status half-installed libnss-systemd:amd64 252.31-1~deb12u1
2025-02-04 16:49:47 status unpacked libnss-systemd:amd64 257.2-3
2025-02-04 16:49:47 upgrade libpam-systemd:amd64 252.31-1~deb12u1 257.2-3
2025-02-04 16:49:47 status half-configured libpam-systemd:amd64 252.31-1~deb12u1
2025-02-04 16:49:47 status unpacked libpam-systemd:amd64 252.31-1~deb12u1
2025-02-04 16:49:47 status half-installed libpam-systemd:amd64 252.31-1~deb12u1
2025-02-04 16:49:47 status unpacked libpam-systemd:amd64 257.2-3
2025-02-04 16:49:47 upgrade libc-dev-bin:amd64 2.36-9+deb12u9 2.40-3
2025-02-04 16:49:47 status half-configured libc-dev-bin:amd64 2.36-9+deb12u9
2025-02-04 16:49:47 status unpacked libc-dev-bin:amd64 2.36-9+deb12u9
2025-02-04 16:49:47 status half-installed libc-dev-bin:amd64 2.36-9+deb12u9
2025-02-04 16:49:47 status unpacked libc-dev-bin:amd64 2.40-3
2025-02-04 16:49:47 upgrade libc6-dev:amd64 2.36-9+deb12u9 2.40-3
2025-02-04 16:49:47 status half-configured libc6-dev:amd64 2.36-9+deb12u9
2025-02-04 16:49:47 status unpacked libc6-dev:amd64 2.36-9+deb12u9
2025-02-04 16:49:48 status half-installed libc6-dev:amd64 2.36-9+deb12u9
2025-02-04 16:49:48 status unpacked libc6-dev:amd64 2.40-3
2025-02-04 16:49:48 startup packages configure
2025-02-04 16:49:48 configure systemd:amd64 257.2-3 <none>
2025-02-04 16:49:48 status unpacked systemd:amd64 257.2-3
2025-02-04 16:49:48 status half-configured systemd:amd64 257.2-3
2025-02-04 16:49:48 status installed systemd:amd64 257.2-3
2025-02-04 16:49:48 startup archives unpack
2025-02-04 16:49:48 upgrade systemd-sysv:amd64 252.31-1~deb12u1 257.2-3
2025-02-04 16:49:48 status half-configured systemd-sysv:amd64 252.31-1~deb12u1
2025-02-04 16:49:48 status unpacked systemd-sysv:amd64 252.31-1~deb12u1
2025-02-04 16:49:48 status half-installed systemd-sysv:amd64 252.31-1~deb12u1
2025-02-04 16:49:48 status unpacked systemd-sysv:amd64 257.2-3
2025-02-04 16:49:48 install openssh-sftp-server:amd64 <none> 1:9.9p1-3
2025-02-04 16:49:48 status half-installed openssh-sftp-server:amd64 1:9.9p1-3
2025-02-04 16:49:48 status unpacked openssh-sftp-server:amd64 1:9.9p1-3
2025-02-04 16:49:48 install openssh-server:amd64 <none> 1:9.9p1-3
2025-02-04 16:49:48 status half-installed openssh-server:amd64 1:9.9p1-3
2025-02-04 16:49:49 status unpacked openssh-server:amd64 1:9.9p1-3
2025-02-04 16:49:49 upgrade udev:amd64 252.31-1~deb12u1 257.2-3
2025-02-04 16:49:49 status triggers-pending initramfs-tools:all 0.142+deb12u1
2025-02-04 16:49:49 status half-configured udev:amd64 252.31-1~deb12u1
2025-02-04 16:49:49 status unpacked udev:amd64 252.31-1~deb12u1
2025-02-04 16:49:49 status half-installed udev:amd64 252.31-1~deb12u1
2025-02-04 16:49:49 status unpacked udev:amd64 257.2-3
2025-02-04 16:49:49 upgrade libudev1:amd64 252.31-1~deb12u1 257.2-3
2025-02-04 16:49:49 status half-configured libudev1:amd64 252.31-1~deb12u1
2025-02-04 16:49:49 status unpacked libudev1:amd64 252.31-1~deb12u1
2025-02-04 16:49:49 status half-installed libudev1:amd64 252.31-1~deb12u1
2025-02-04 16:49:49 status unpacked libudev1:amd64 257.2-3
2025-02-04 16:49:49 startup packages configure
2025-02-04 16:49:49 configure libudev1:amd64 257.2-3 <none>
2025-02-04 16:49:49 status unpacked libudev1:amd64 257.2-3
2025-02-04 16:49:49 status half-configured libudev1:amd64 257.2-3
2025-02-04 16:49:49 status installed libudev1:amd64 257.2-3
2025-02-04 16:49:49 startup packages configure
2025-02-04 16:49:49 configure systemd-sysv:amd64 257.2-3 <none>
2025-02-04 16:49:49 status unpacked systemd-sysv:amd64 257.2-3
2025-02-04 16:49:49 status half-configured systemd-sysv:amd64 257.2-3
2025-02-04 16:49:49 status installed systemd-sysv:amd64 257.2-3
2025-02-04 16:49:49 configure libc-l10n:all 2.40-3 <none>
2025-02-04 16:49:49 status unpacked libc-l10n:all 2.40-3
2025-02-04 16:49:49 status half-configured libc-l10n:all 2.40-3
2025-02-04 16:49:49 status installed libc-l10n:all 2.40-3
2025-02-04 16:49:49 configure openssh-client:amd64 1:9.9p1-3 <none>
2025-02-04 16:49:49 status unpacked openssh-client:amd64 1:9.9p1-3
2025-02-04 16:49:52 conffile /etc/ssh/ssh_config install
2025-02-04 16:49:52 status half-configured openssh-client:amd64 1:9.9p1-3
2025-02-04 16:49:52 status installed openssh-client:amd64 1:9.9p1-3
2025-02-04 16:49:52 configure libnss-systemd:amd64 257.2-3 <none>
2025-02-04 16:49:52 status unpacked libnss-systemd:amd64 257.2-3
2025-02-04 16:49:52 status half-configured libnss-systemd:amd64 257.2-3
2025-02-04 16:49:52 status installed libnss-systemd:amd64 257.2-3
2025-02-04 16:49:52 configure locales:all 2.40-3 <none>
2025-02-04 16:49:52 status unpacked locales:all 2.40-3
2025-02-04 16:49:52 status half-configured locales:all 2.40-3
2025-02-04 16:54:09 status installed locales:all 2.40-3
2025-02-04 16:54:09 configure systemd-timesyncd:amd64 257.2-3 <none>
2025-02-04 16:54:09 status unpacked systemd-timesyncd:amd64 257.2-3
2025-02-04 16:54:09 status half-configured systemd-timesyncd:amd64 257.2-3
2025-02-04 16:54:09 status installed systemd-timesyncd:amd64 257.2-3
2025-02-04 16:54:09 configure udev:amd64 257.2-3 <none>
2025-02-04 16:54:09 status unpacked udev:amd64 257.2-3
2025-02-04 16:54:09 status half-configured udev:amd64 257.2-3
2025-02-04 16:54:10 status installed udev:amd64 257.2-3
2025-02-04 16:54:10 configure libpam-systemd:amd64 257.2-3 <none>
2025-02-04 16:54:10 status unpacked libpam-systemd:amd64 257.2-3
2025-02-04 16:54:10 status half-configured libpam-systemd:amd64 257.2-3
2025-02-04 16:54:11 status installed libpam-systemd:amd64 257.2-3
2025-02-04 16:54:11 configure systemd-oomd:amd64 257.2-3 <none>
2025-02-04 16:54:11 status unpacked systemd-oomd:amd64 257.2-3
2025-02-04 16:54:11 status half-configured systemd-oomd:amd64 257.2-3
2025-02-04 16:54:11 status installed systemd-oomd:amd64 257.2-3
2025-02-04 16:54:11 configure libc-dev-bin:amd64 2.40-3 <none>
2025-02-04 16:54:11 status unpacked libc-dev-bin:amd64 2.40-3
2025-02-04 16:54:11 status half-configured libc-dev-bin:amd64 2.40-3
2025-02-04 16:54:11 status installed libc-dev-bin:amd64 2.40-3
2025-02-04 16:54:11 configure openssl:amd64 3.4.0-2 <none>
2025-02-04 16:54:11 status unpacked openssl:amd64 3.4.0-2
2025-02-04 16:54:11 status half-configured openssl:amd64 3.4.0-2
2025-02-04 16:54:11 status installed openssl:amd64 3.4.0-2
2025-02-04 16:54:11 configure openssh-sftp-server:amd64 1:9.9p1-3 <none>
2025-02-04 16:54:11 status unpacked openssh-sftp-server:amd64 1:9.9p1-3
2025-02-04 16:54:11 status half-configured openssh-sftp-server:amd64 1:9.9p1-3
2025-02-04 16:54:11 status installed openssh-sftp-server:amd64 1:9.9p1-3
2025-02-04 16:54:11 configure openssh-server:amd64 1:9.9p1-3 <none>
2025-02-04 16:54:11 status unpacked openssh-server:amd64 1:9.9p1-3
2025-02-04 16:54:11 status half-configured openssh-server:amd64 1:9.9p1-3
2025-02-04 16:54:12 status installed openssh-server:amd64 1:9.9p1-3
2025-02-04 16:54:12 configure libc6-dev:amd64 2.40-3 <none>
2025-02-04 16:54:12 status unpacked libc6-dev:amd64 2.40-3
2025-02-04 16:54:12 status half-configured libc6-dev:amd64 2.40-3
2025-02-04 16:54:12 status installed libc6-dev:amd64 2.40-3
2025-02-04 16:54:12 trigproc libc-bin:amd64 2.40-3 <none>
2025-02-04 16:54:12 status half-configured libc-bin:amd64 2.40-3
2025-02-04 16:54:12 status installed libc-bin:amd64 2.40-3
2025-02-04 16:54:12 trigproc man-db:amd64 2.11.2-2 <none>
2025-02-04 16:54:12 status half-configured man-db:amd64 2.11.2-2
2025-02-04 16:54:13 status installed man-db:amd64 2.11.2-2
2025-02-04 16:54:13 trigproc cracklib-runtime:amd64 2.9.6-5+b1 <none>
2025-02-04 16:54:13 status half-configured cracklib-runtime:amd64 2.9.6-5+b1
2025-02-04 16:54:14 status installed cracklib-runtime:amd64 2.9.6-5+b1
2025-02-04 16:54:14 trigproc dbus:amd64 1.14.10-1~deb12u1 <none>
2025-02-04 16:54:14 status half-configured dbus:amd64 1.14.10-1~deb12u1
2025-02-04 16:54:14 status installed dbus:amd64 1.14.10-1~deb12u1
2025-02-04 16:54:14 trigproc shared-mime-info:amd64 2.2-1 <none>
2025-02-04 16:54:14 status half-configured shared-mime-info:amd64 2.2-1
2025-02-04 16:54:16 status installed shared-mime-info:amd64 2.2-1
2025-02-04 16:54:16 trigproc initramfs-tools:all 0.142+deb12u1 <none>
2025-02-04 16:54:16 status half-configured initramfs-tools:all 0.142+deb12u1
2025-02-04 16:54:16 status installed initramfs-tools:all 0.142+deb12u1
